<?xml version="1.0" encoding="UTF-8"?>
<testsuite xmlns:xsi="http://www.w3.org/2001/XMLSchema-instance" xsi:noNamespaceSchemaLocation="https://maven.apache.org/surefire/maven-surefire-plugin/xsd/surefire-test-report.xsd" name="ie.mfmdevine.GithubSearchRepo.tests.SearchTest" time="4.394" tests="3" errors="0" skipped="0" failures="1">
  <properties>
[...]
</properties>
  <testcase name="testSearchQuery_tetris_java" classname="ie.mfmdevine.GithubSearchRepo.tests.SearchTest" time="1.737"/>
  <testcase name="testSearchQuery_snake_python" classname="ie.mfmdevine.GithubSearchRepo.tests.SearchTest" time="1.503"/>
  <testcase name="testSearchQuery_invaders_ruby" classname="ie.mfmdevine.GithubSearchRepo.tests.SearchTest" time="1.153">
    <failure message="&#10;The following 3 assertions failed:&#10;1) &#10;Expecting:&#10; &lt;&quot;ikamusume invades ruby&quot;&gt;&#10;to contain:&#10; &lt;&quot;invaders&quot;&gt; &#10;at SearchTest.testSearchQuery(SearchTest.java:41)&#10;2) &#10;Expecting:&#10; &lt;&quot;invader&quot;&gt;&#10;to contain:&#10; &lt;&quot;invaders&quot;&gt; &#10;at SearchTest.testSearchQuery(SearchTest.java:41)&#10;3) &#10;Expecting:&#10; &lt;&quot;rails-invader&quot;&gt;&#10;to contain:&#10; &lt;&quot;invaders&quot;&gt; &#10;at SearchTest.testSearchQuery(SearchTest.java:41)&#10;" type="org.assertj.core.api.SoftAssertionError"><![CDATA[org.assertj.core.api.SoftAssertionError: 

The following 3 assertions failed:
1) 
Expecting:
 <"ikamusume invades ruby">
to contain:
 <"invaders"> 
at SearchTest.testSearchQuery(SearchTest.java:41)
2) 
Expecting:
 <"invader">
to contain:
 <"invaders"> 
at SearchTest.testSearchQuery(SearchTest.java:41)
3) 
Expecting:
 <"rails-invader">
to contain:
 <"invaders"> 
at SearchTest.testSearchQuery(SearchTest.java:41)

	at ie.mfmdevine.GithubSearchRepo.tests.SearchTest.testSearchQuery(SearchTest.java:43)
]]></failure>
    <system-out><![CDATA[Request method:	GET
Request URI:	https://api.github.com/search/repositories?q=invaders%2Blanguage%3Aruby
Proxy:			<none>
Request params:	<none>
Query params:	q=invaders+language:ruby
Form params:	<none>
Path params:	<none>
Headers:		Accept=application/vnd.github.v3+json
Cookies:		<none>
Multiparts:		<none>
Body:			<none>
02:44:37.802 [main] DEBUG org.apache.http.impl.conn.BasicClientConnectionManager - Get connection for route {s}->https://api.github.com:443
02:44:37.802 [main] DEBUG org.apache.http.impl.conn.DefaultClientConnectionOperator - Connecting to api.github.com:443
02:44:38.076 [main] DEBUG org.apache.http.client.protocol.RequestAddCookies - CookieSpec selected: ignoreCookies
02:44:38.076 [main] DEBUG org.apache.http.client.protocol.RequestAuthCache - Auth cache not set in the context
02:44:38.076 [main] DEBUG org.apache.http.client.protocol.RequestTargetAuthentication - Target auth state: UNCHALLENGED
02:44:38.076 [main] DEBUG org.apache.http.client.protocol.RequestProxyAuthentication - Proxy auth state: UNCHALLENGED
02:44:38.076 [main] DEBUG org.apache.http.impl.client.DefaultHttpClient - Attempt 1 to execute request
02:44:38.076 [main] DEBUG org.apache.http.impl.conn.DefaultClientConnection - Sending request: GET /search/repositories?q=invaders%2Blanguage%3Aruby HTTP/1.1
02:44:38.076 [main] DEBUG org.apache.http.wire -  >> "GET /search/repositories?q=invaders%2Blanguage%3Aruby HTTP/1.1[\r][\n]"
02:44:38.076 [main] DEBUG org.apache.http.wire -  >> "Accept: application/vnd.github.v3+json[\r][\n]"
02:44:38.076 [main] DEBUG org.apache.http.wire -  >> "Host: api.github.com[\r][\n]"
02:44:38.076 [main] DEBUG org.apache.http.wire -  >> "Connection: Keep-Alive[\r][\n]"
02:44:38.076 [main] DEBUG org.apache.http.wire -  >> "User-Agent: Apache-HttpClient/4.5.13 (Java/1.8.0_261)[\r][\n]"
02:44:38.076 [main] DEBUG org.apache.http.wire -  >> "Accept-Encoding: gzip,deflate[\r][\n]"
02:44:38.076 [main] DEBUG org.apache.http.wire -  >> "[\r][\n]"
02:44:38.076 [main] DEBUG org.apache.http.headers - >> GET /search/repositories?q=invaders%2Blanguage%3Aruby HTTP/1.1
02:44:38.076 [main] DEBUG org.apache.http.headers - >> Accept: application/vnd.github.v3+json
02:44:38.076 [main] DEBUG org.apache.http.headers - >> Host: api.github.com
02:44:38.076 [main] DEBUG org.apache.http.headers - >> Connection: Keep-Alive
02:44:38.076 [main] DEBUG org.apache.http.headers - >> User-Agent: Apache-HttpClient/4.5.13 (Java/1.8.0_261)
02:44:38.076 [main] DEBUG org.apache.http.headers - >> Accept-Encoding: gzip,deflate
02:44:38.788 [main] DEBUG org.apache.http.wire -  << "HTTP/1.1 200 OK[\r][\n]"
02:44:38.789 [main] DEBUG org.apache.http.wire -  << "Server: GitHub.com[\r][\n]"
02:44:38.789 [main] DEBUG org.apache.http.wire -  << "Date: Tue, 16 Feb 2021 02:44:38 GMT[\r][\n]"
02:44:38.789 [main] DEBUG org.apache.http.wire -  << "Content-Type: application/json; charset=utf-8[\r][\n]"
02:44:38.789 [main] DEBUG org.apache.http.wire -  << "Cache-Control: no-cache[\r][\n]"
02:44:38.789 [main] DEBUG org.apache.http.wire -  << "Vary: Accept, Accept-Encoding, Accept, X-Requested-With[\r][\n]"
02:44:38.789 [main] DEBUG org.apache.http.wire -  << "X-GitHub-Media-Type: github.v3; format=json[\r][\n]"
02:44:38.789 [main] DEBUG org.apache.http.wire -  << "Link: <https://api.github.com/search/repositories?q=invaders%2Blanguage%3Aruby&page=2>; rel="next", <https://api.github.com/search/repositories?q=invaders%2Blanguage%3Aruby&page=2>; rel="last"[\r][\n]"
02:44:38.789 [main] DEBUG org.apache.http.wire -  << "Access-Control-Expose-Headers: ETag, Link, Location, Retry-After, X-GitHub-OTP, X-RateLimit-Limit, X-RateLimit-Remaining, X-RateLimit-Used, X-RateLimit-Reset, X-OAuth-Scopes, X-Accepted-OAuth-Scopes, X-Poll-Interval, X-GitHub-Media-Type, Deprecation, Sunset[\r][\n]"
02:44:38.789 [main] DEBUG org.apache.http.wire -  << "Access-Control-Allow-Origin: *[\r][\n]"
02:44:38.789 [main] DEBUG org.apache.http.wire -  << "Strict-Transport-Security: max-age=31536000; includeSubdomains; preload[\r][\n]"
02:44:38.789 [main] DEBUG org.apache.http.wire -  << "X-Frame-Options: deny[\r][\n]"
02:44:38.789 [main] DEBUG org.apache.http.wire -  << "X-Content-Type-Options: nosniff[\r][\n]"
02:44:38.789 [main] DEBUG org.apache.http.wire -  << "X-XSS-Protection: 1; mode=block[\r][\n]"
02:44:38.789 [main] DEBUG org.apache.http.wire -  << "Referrer-Policy: origin-when-cross-origin, strict-origin-when-cross-origin[\r][\n]"
02:44:38.789 [main] DEBUG org.apache.http.wire -  << "Content-Security-Policy: default-src 'none'[\r][\n]"
02:44:38.789 [main] DEBUG org.apache.http.wire -  << "Content-Encoding: gzip[\r][\n]"
02:44:38.789 [main] DEBUG org.apache.http.wire -  << "X-RateLimit-Limit: 10[\r][\n]"
02:44:38.789 [main] DEBUG org.apache.http.wire -  << "X-RateLimit-Remaining: 5[\r][\n]"
02:44:38.789 [main] DEBUG org.apache.http.wire -  << "X-RateLimit-Reset: 1613443531[\r][\n]"
02:44:38.789 [main] DEBUG org.apache.http.wire -  << "x-ratelimit-used: 5[\r][\n]"
02:44:38.789 [main] DEBUG org.apache.http.wire -  << "Accept-Ranges: bytes[\r][\n]"
02:44:38.789 [main] DEBUG org.apache.http.wire -  << "Content-Length: 13682[\r][\n]"
02:44:38.789 [main] DEBUG org.apache.http.wire -  << "X-GitHub-Request-Id: DD20:43F2:904CFD0:9F4248B:602B3195[\r][\n]"
02:44:38.789 [main] DEBUG org.apache.http.wire -  << "[\r][\n]"
02:44:38.789 [main] DEBUG org.apache.http.impl.conn.DefaultClientConnection - Receiving response: HTTP/1.1 200 OK
02:44:38.789 [main] DEBUG org.apache.http.headers - << HTTP/1.1 200 OK
02:44:38.789 [main] DEBUG org.apache.http.headers - << Server: GitHub.com
02:44:38.789 [main] DEBUG org.apache.http.headers - << Date: Tue, 16 Feb 2021 02:44:38 GMT
02:44:38.789 [main] DEBUG org.apache.http.headers - << Content-Type: application/json; charset=utf-8
02:44:38.789 [main] DEBUG org.apache.http.headers - << Cache-Control: no-cache
02:44:38.789 [main] DEBUG org.apache.http.headers - << Vary: Accept, Accept-Encoding, Accept, X-Requested-With
02:44:38.789 [main] DEBUG org.apache.http.headers - << X-GitHub-Media-Type: github.v3; format=json
02:44:38.789 [main] DEBUG org.apache.http.headers - << Link: <https://api.github.com/search/repositories?q=invaders%2Blanguage%3Aruby&page=2>; rel="next", <https://api.github.com/search/repositories?q=invaders%2Blanguage%3Aruby&page=2>; rel="last"
02:44:38.789 [main] DEBUG org.apache.http.headers - << Access-Control-Expose-Headers: ETag, Link, Location, Retry-After, X-GitHub-OTP, X-RateLimit-Limit, X-RateLimit-Remaining, X-RateLimit-Used, X-RateLimit-Reset, X-OAuth-Scopes, X-Accepted-OAuth-Scopes, X-Poll-Interval, X-GitHub-Media-Type, Deprecation, Sunset
02:44:38.789 [main] DEBUG org.apache.http.headers - << Access-Control-Allow-Origin: *
02:44:38.789 [main] DEBUG org.apache.http.headers - << Strict-Transport-Security: max-age=31536000; includeSubdomains; preload
02:44:38.789 [main] DEBUG org.apache.http.headers - << X-Frame-Options: deny
02:44:38.789 [main] DEBUG org.apache.http.headers - << X-Content-Type-Options: nosniff
02:44:38.789 [main] DEBUG org.apache.http.headers - << X-XSS-Protection: 1; mode=block
02:44:38.789 [main] DEBUG org.apache.http.headers - << Referrer-Policy: origin-when-cross-origin, strict-origin-when-cross-origin
02:44:38.789 [main] DEBUG org.apache.http.headers - << Content-Security-Policy: default-src 'none'
02:44:38.789 [main] DEBUG org.apache.http.headers - << Content-Encoding: gzip
02:44:38.789 [main] DEBUG org.apache.http.headers - << X-RateLimit-Limit: 10
02:44:38.789 [main] DEBUG org.apache.http.headers - << X-RateLimit-Remaining: 5
02:44:38.789 [main] DEBUG org.apache.http.headers - << X-RateLimit-Reset: 1613443531
02:44:38.789 [main] DEBUG org.apache.http.headers - << x-ratelimit-used: 5
02:44:38.789 [main] DEBUG org.apache.http.headers - << Accept-Ranges: bytes
02:44:38.789 [main] DEBUG org.apache.http.headers - << Content-Length: 13682
02:44:38.789 [main] DEBUG org.apache.http.headers - << X-GitHub-Request-Id: DD20:43F2:904CFD0:9F4248B:602B3195
02:44:38.790 [main] DEBUG org.apache.http.impl.client.DefaultHttpClient - Connection can be kept alive indefinitely
02:44:38.790 [main] DEBUG io.restassured.internal.RequestSpecificationImpl$RestAssuredHttpBuilder - Parsing response as: application/json; charset=utf-8
02:44:38.790 [main] DEBUG org.apache.http.wire -  << "[0x1f][0x8b][0x8][0x0][0x0][0x0][0x0][0x0][0x0][0x3][0xed][0xdd][0xfb]o[0xdb]H[0x96][0xe8][0xf1]E[0xf0][0xaf]7[0x8e]D[0x8a]z[0x2][0x8d][0xdd][0xcc][0xd8][0x9b][0xf5]l[0xcb][0x99][0xf4]([0xb7][0x1f][0x17][0x17][0x6]-1[0xb6]lY[0x12][0xf4][0xb0]c[0x1b][0xfd][0xbf][0xef])>$[0x16]U[0xe7][0x14][0xeb][0x9c][0xf2]v[0xef]d[0x16][0x8d][0x9d][0xc4]a}I[0xcb][0x92]bR[0xac]z=[0xd9].[0xb7][0xf1][0xfc]j[0xb2][0xdc]-[0xb6]'[0xc3]h[0xf0][0xee]d[0xb6][0x98],[0x1f]V[0xf3]d[0x9b]\[0xad][0x93][0xcd]n[0xbe][0xdd][0x9c][0xc][0xbf][0xc6][0xf3]M[0x2]"
02:44:38.791 [main] DEBUG org.apache.http.wire -  << "[0xb4]M[0x1e][0xe0]w[0xff][0xef][0xf5]d6=[0x19][0x6][0x83][0xce] [0x8c][0x6][0xc1][0xbb][0x93][0xc5]r[0x9a]\[0xa9][0xf][0x9d][0x8c][0xce][0xce][0x9f]>[0xcd][0xff]6[0x9f]|[0x1c][0xbc][0xc4][0xbf][0xfc][0xf4]8Y[0xdc][0xfb]4[0xfe][0xd2][0x19][0xdd]}[0xee][0x8c]>[0xff][0xf0][0xc3][0x9][0x1c][0x1c]?$p[0xe4]f[0x15]O[0x92][0xd3][0xd9][0xe2]1[0x9e]&[0xeb][0xcd][0xfb][0xf5]5[0xfc][0xd1][0xd7][0xdd]|~[0x95][0xff][0xf9]Y[0xfc]0[[0xff][0xe3]q[0xbd][0x8d][0x17]M[0xd3][0xb1][0xab][0xf5][0xec]1[0xde]B)[0xbf][0xb6][0xe5][0xd3]"Y[0x9f][0xc]_O[0xe6][0xcb][0x9b][0xd9][0x2]NP[\n]"
02:44:38.791 [main] DEBUG org.apache.http.wire -  << "@:[0xbd][0xe0][0xa8][0xdd][0xb][[0xa1]~[0xbd][0x9f][0xbb][0xff][0xf7][0x97][0xcb][0xf9][0xe4][0xee][0xbc]5z[0x99]<[0x8f][0xce].[0xd4]5[0xc6][0x90][0x8e][0xd7]W[0xbb][0xf5][0x1c]B[0xb7][0xdb][0xed]j3l6[0xb3][0xf]n[0xde][0xdf][0xcc][0xb6][0xb7][0xbb][0xeb][0xdd]&YO[0x96][0x8b]m[0xb2][0xd8][0xbe][0x87][0x7][0xac][0xb9]k[0xe6][0xf9]{[0xfc]![0x82][0xc4][0xcd]:[0x8f][0xa4][0x8f][0xb]|[0xa0][0x12][[0xcd][0xf2]P6[0x1a]j[0x9b][0xa6]~[0xc9][0xb7][0xdb][0x87]y[0xe5][0x12][0xb2]S[0xa7]#[0xf4]c[0xbf].[0xe7][0xf3][0xe5][0x13]4[0xaa][0xd7]l9Ms?P=[0xfc]id[0xb6][0xb8][0xe1]E`[0xe0]ks[0xb9][0xbd]M[0xe0][0x81][0x83]O[0xe7]w[0xf5] [0xcc]6[[0xe7]KJ[0x7][0xbd]6[0xd5][0xff][0xc0][0x93]Je6[0xf0][0xc5]X'S[0xd7][0xcb][0xca][0x87][0xc1]E[0xa9][0xe7][0xc6][0xef][0xaf][0xcd]u[0xb2]Z[0xa6][0xbd][0xdd][0xf5]f[0xb2][0x9e][0xad][0xb6][0xb3][0xe5][0xc2][0xf9][0xf2][0xb4][0xc1][0x10][[0xae]o[0xe2][0xc5][0xec]%f[0xc5]`[0xf0][0x6][0x1a][0xea][0xc2][0x9c]/$[0x1d][0x4][0x83][0x93]Gx[0xe]:[0x8f][0xce]F[0xbd]6[0xd3][0xd7][0xd1][0xe4]Y=,[0xeb]d[0x92][0xcc][0x1e][0xe1]q[0xe6][0x15]+[0xc3]![0xb8]}^[0xa9][0x97][0xfa][0x17]x6[0xa8]G[0x1d][0xde]>[0xae][0xe2][0xe9][0x83]zu[0xa6]/[0xda][0xdf][0xdf][0xc1]k[0xab][0xe6]s[0xdc][0xf8][0x1e]0M[0xf6]_F8[0xcd]0}[0x9b][0xb8][0xca][0xdf]R[0x86][0x8d][0xc6]?[0xd4][0xef][0x1b][0x17][0xf9][L[0xe3]i=[0xdb][0xc2][0xcb][0xb5]1[4~[0xda]]?7[0x9e][0x9a][0x8d][0x8f][0xcb][0xcd][0xe][0xae][0xec][0xeb]r}[0xbf]#!_[0xa7][0xe9]c^~[0xed][0x19][0xaf]K[0xf5],_[0x90][0x1a]!xmB[0x6].[0xef]>y[0xf6]PS[0x95][0xd7]&[0xfc][0xff][0xfc]E5[0x81]W{|[0xbd]\[0xc7][0xdb][0xa5][0xed]m[0xa3][0xce][0xc5]j[0xb9][0xd7]f[0xf9][0xb7][0xea][0xb9][0xb5]M[0xe2][0x7][0xf][0x9f]D[0x9a][0x81][0xdc][0xed]r[0xe9][0xe3][0x11]N3[0x90][0x9b]m6[0xbb][0xa4][0xd6][0xd3][0xbe][0xce]C[0x91][0xd6]6[0xcd][0xe2][0x15][0xb6][0xd8]=\go[0x87]u^WuN[0x90]u[0xe0][0xba][0xe3][0xcd]fv[0xb3]H[0x12][0xf][0x8f][0xec]>[0xf5][0xda],[0xde][0xbd][0xaf][0xd7][0xf1]br[0xeb]#^[0x94]^[0x9b][0xd9][0xaf][0xd2]gD|[0xe3][0xe1][0xb2]U[0x5]b[0xd7][0xf3][0xe5][0xb5][0x87][0x1a][0xfc][0xfd][0xda]LS[0xaf][0xcd][0xcd]m[0x9c][0xfd][\r][0xb6][0xbd][0xf2]s[0xa5][0xaa][0xad]JZz[0x9d]|[0xf5]t[0xd9][0xaa][0xb4]Oo[0xd7]^[0x9e][0x13][0xe9]%[0xab][0xd4]>[0xc][0xa5]n[0xe1][0xe9][0xe1][0xe1][0x9a][0x8b]R[0xf3]5[0xa4][0xe7][0xf1][0xe2]f[0x17][0xdf][0xf8]h[0xef]S[0xf0][0xcc]P[0xdf][0x4][0xdc][0xc4]/[0xd6]o[0x8d][0xea][0xbc][0xee][0xe]-[0x8][0xab]o[0xfe][0xd6][0xb3][0xeb][0x9d][0xaf][0xb7][0xcf]CM]u[0xf6][0x1d][\n]"
02:44:38.791 [main] DEBUG org.apache.http.wire -  << "[0xbc]o[0xf8]x[0xa8][0xf][0xb1]C:[0xfd][0xe6][0x87][0xfe][0x8e][0xaa][0xd6]CR[0xfa]V*}P[0x1e][0x1e]f[0xb6]oF[0xea]t[0xf3][0x90][0xf6]b[0xf1][0x16]W[0xcf][0xeb][0xea][0x9][0xd4][0xef][0xed][0xdf]G[0xd5][0xbd]tUzm[0x1e][0xde][0xf9][0xb3][0xbf]`[0xf2]s[0xc8][0x1f][0xf5][0xfc]o[0x98][0xe2][0x9a][0xcb]g[0xca]&[0xf1][0xf0][0xb4])J[0xcd][0xd7][0xff][0xb3][0x8a][0xb7][0xb7][0xea][0xdd][0x10]N[0xb8][0x8a][0xd7][0x89][0xfc][0x13][0xc8]C[0xcd][0xd7][0xeb][0x18][0xbe][0xf]|[0xff][0xfe][0xfd][0xeb]m[0x12][0xa7][0xdf][0xeb]?$k/[0xef][0x1]Y[0x7][0x82][0xf1]zr[0xb][0xdf][0xd5][0xca][0xaf][0xf9][0xb5]([0xc1][0xf7]e[0xf][0xf1]6[0xfd]y[0xe2][0xab][0xba][0xe4])[0xfc]|1_[0xc6]S[0xf][0x8f][0xf9]>[0x5][0xd9][0xec][0x8b],[0xbf][0xee][0xac]S~[0x8e][0xac][0xe0][0xe7]l[0xf][0x17][0x9b]f[0xca][0xdd][0x87][0xd9]<[0xd9]l[0x97][0xb][0x1f][0xef][0xe1][0x87]V[0xf9][0xc][0x8b][0xe5]v[0xf6]u6[0xa9][0xf3][0xc3]V[0x9d][0x97][0xaa][0x96]{[0xfd][0xb7][\r][0xd8]G[0xf2].[0x9e][0xcf][0xdf][0xc1][0xb3]|;[0x9b][0xcc][0xe0]y[0xf]?[0xd5][0xaa][0xaf]1|[0xab][0x9c][0xf8]x[0xcc][0xb2][0xe]|J[0xa0] [0xd9][0xcf]\[0xf3][0x4]^[0x2][0x1e][0xbe][0x1a][0xeb]$+[0xbd]6[0xb3][0x1f][0x9a][0xa7][0xc9]j[0xbe]|[0xf6][0xf4][0x9e]V[0x8a][0xa9][0xb7][0x81]u[0x2][0xf4]2[0xbd][0x8a][0x81][0x8c]N[0xc2]V[0x10][0x9d][0xb6]:[0xa7][0xad][0xfe]8l[0xf][0xdb][0xad]a[0x18][0xfe][0x6][0xc7][0xec]V[0xd3][0xf2]1ap[0xda][\n]"
02:44:38.791 [main] DEBUG org.apache.http.wire -  << "N[0xc3]p[0x1c][0xc][0x86][0xed]`[0xd8][0x1a][0xa8]cV[0xbb][0xcd][0xad][0x9e][0x19][0x9c][0x6][0xfd]q[0xd0][0x1f]v[0xfa][0xc3]V_[0x1d][0x2]o[0xd5][0xf9]+[0x0]~[0x5][0x8]c[0x16][0x90][0xe3][0x9f][0xc2][0x14][0xae][0xc0][0xf0][0xcd][0xe6][0xf6]0[0xfc][0xdf][0xf][0x83][0x87]$/[0xe5][0x83]'sx*W^[0xae][0xe7][0xac][0xfe][0x1d][7[0x0][0x17][0xbb]|HV[0xf0][0x1d]Q[0xe6]G[0x9b][0xd9][0xb][0xfc][0xaa][0x1b][0xb4][0xb5][0xef]ir[0xb8][0xb][0x82][0xce][0xbb][0x93][0xa7]x[0xb][0xdf][0xae][0xc3]w[0xc][0xe5][0xf][0x16][0xdf][0xb]AD[0xfd][0xd4][0xab][0xb2][0xf1][0xe6]*{O8[0x19]n[0xd7];p=[0xf5][0x91][0xd5]zy[0x97]L[0x14][0xf6][0x1d]>vx7*}[0xf0]iv?[0xd3][0x6][0xaa][0xef][0xd9][0xf6]?=g?[0xfa][0x16][0x17][0x10][0xc1][0xfb][0xf9]l[0xbd]^[0xe6][0x94][0xb6][0x80]7[0x8c][0xfd][0x1b]2[0xb0]XNw[0xd3][0xd9]&[0xbe][0x9e]'[0x87][0xf],W[0xc9]"[0xbf][0xc4][0xfd][0xe7][0x2]/[0xc1][0xd9]$Yl[0xe0]1xU?[0x11][0xc3][0xe7][0x3][0xdf]i[0xc0][0xa7][0x93]{[0xe1][0xe8]b[0xdc][0xf8]1?[0x2][0x1e][0xa1][0xd5][0xf4][.[0x92][0x17]c[0xf5]l[0xd4]%OW[0xb1]<[0xbc]i[0xe6][0xc1][0x92]fN[0xba][0xe3][0x8f][0xf3][0xbb][0xdf]~[0xee][0xbc][0xfc]6>9[0x1][0xb1][0xc8]~([0x7]K[0x4][0xf9]9\&[0xe0][0xe2][0xe1][0xf1][0x87][0xdf][0xa8]/[0xc7]4[0xf9][0x1a][0x3][0x9f]^e?[0xf2][0xa8][0xeb][0x8d]7[0xdb]LB&[0xcb]5|[0x1e][0xc1][0xfb][0xd6][0xef][0xef]rK[0xed][0xc][0x6][0x9d] P_\[0x1a]S/[0xc7][0xf7][0x9d]"
02:44:38.791 [main] DEBUG org.apache.http.wire -  << "[0xcb][0xf1][0xf9][0xb7][0xd1]x[0xf4][0xc3][0xe1][0x93]O[0xa5][0xe3][0xaa][0x90][0x8e][0xab][0x9f][0x92][0xec]T[0xf0][0x90][0xea][0xa8][0xfa][0x9f]?[0xfd][0xf5][0xbf]ZM[0xea]h+[0xab][0xa6][0x9][0xc8]*[0xd6][0x8c][0xda][0xad]0[0x1c][0xb4][0x0][0x8d][0xcb][0x17]][0x88][0xea][0xe7][0x17][0xd0][0xd4][0xe7]O[0xe3][0xf][0x1d]8[0x9c]%[0xaa]E_@[0xaa][0xc5][0xe5][0xd2][0xd0]T[0x1c][0xe5][0xc4][0xa8][0xd9][0x83][0xc9][0x6][0xd4][0xf2]p[0x9][0x9d]f[0x1d][0x11][0x9a]f[0x9]\[0x9a][0xf7][0xca][0xca][\n]"
02:44:38.791 [main] DEBUG org.apache.http.wire -  << "O[0x1]g([0xcd]2[0xae]D[0x9a][0x8d]J[0xff][0xf6][0x87][0x93][0xd6]![0x17][0xe5][0x1d][0x9b]f6[0xce][0xf][0x8b][0x16][0xd7][0xa0]y*\[0x8d][0x14]D[0xb3].[0xf5][0xfa][0xd5]I[0xb4]"[0xa0][0xfa][0xfb][0x82]#z[0xda][0xcf]][0x9b]=-)g[0xf8][0xb4][0xf5][0xc4][0xf4]i;[0x81]/[0xfc][0xb4][0x9d][0xc7][0x99]?mA.[0x80][0xda][0xba][0x1e][0x8][0xd4]v[\n]"
02:44:38.791 [main] DEBUG org.apache.http.wire -  << "[0x1e][0x82][0xda][0xaa]B[0x6][0xb5][0xe5]%[0x10]jk[0xbb]R[0xa8][0xad][0xa7][0x94][0x84][0x8f][0xa1]u[0xea]l[0xe][0xad][0x13][0xe7][0x81]h[0x9d]2[0x9f]Dmu[0x19][0x8a][0xda][0xea]|[0x16][0xb5][0x95]E0j[0x8b][0x97][0xa1][0x15][0xfe][0xe]u[0xa4]Q[[0xbd][0x94];[0xc4]k[0xe3]h[0xcd]z[0xda][0x83][0xbc][0x83]`[0xda][0xca]U[0xbf]T?({[0xcc][0xab][0x17][0xf5][0x14][0x5]7[0xd6]![0xa9]:[0x97]/FR[0xdb]I<1[0xa9][0xed]42([0xb5][0xd7]Ss[0x15]Q[0xa9][0xed][0x1c][0x1c],[0xb5]5[0xfd]p[0xa9][0xed],<0[0xb5]U[0x5]djK[0xb][0xd1][0xd4][0x96][0xf7][0xc4][0xa6][0xb6][0xd3][0xbc][0x5][0x9c][0xda][0xce])[0xa1]S[[[0x88][0xa7][0xb6]<[0xcd][0xa7][0xfd][0xd3] [0x4][0x1d][0x1d][0x7][0x11][0xc0][0xd1][0xb0][0x9d][0xd2]h[0x85]O[0x83][0x1][0xf8]j[0xca][0xa7][0xfd]a[0xd0][0x1]}2[0xf0])[0x1c][0x12][0x9c][0xb6][[0xe3][0xa0]7[0xc]{[0xc3][0xa8]g[0xe1]S[0xcb]5[0xdb][0x0][0xb5][0xde]p[0xb][0xa1][0xd6][0x8b]l(D[0xb5]$[0xe0][0xa1]41j[0xd4]ku[0xcd][0x90]j`T[0xa5][0xff][0xd9][0xbf]M[0xff][0x11][0x88][0xea][0xcf]P[%C[0xcd](6[0xc7][0xcc][0xaa]e[0xc2][0x81][0x85]%[0xa7][0xb0][0xe9]"[0x99][0xd1][0xa0][0x7][0xf3]B-[0x8c][0xd9][0xfa]4[0x9e][0x0]c[0xde][0x97][0x8]s[0xf9]ps[0x15][0xcf]g [0xbc][0xf0]%+O[0x4][0x85][0xe9][0x1]O[0x8b](lj[0x7]X[0x99]2[0x1f][0x5][0xad]t[0xe6]g[0x18][0xb4]@dMJy[0xfe]<[0x1a][0x8][0xe0]8[0x96]P[0xa6]a[0x1]O[0x1e].[0x93][0x6][0xca][0xc3]qNDY<vl[0xa4][0xd4][0x3][0x12][0xa6],J"[0xa8],"[0xfe][0xa8]r_[0x94]be[0x11]r[0xe5][0xca]b[0x9c];X[0x16]#[0xfd][0x90][0xe5][0xe1]:|[0xa3][0xe5][0xfe][0x91])[0xbf][0xc2]I[0xa7][0xfc][0xab][0xfa][0x87][0xb7][0xc6][0xe][0xfe]9[0xf6][0xa6][0x1][0xf3][0x89][0x1b][0x1f][0xe1][0x1f]K[0xaf][0x97][0xdf][0x1a]_[0xd7][0xf0][0x8b]'[0xe5][0x96][0xee]s6[0x8d]WQ[,[0x8f]G;#[0xa5]!!vIC[0xd3][0x17]E[0x1a][0xd2][0xce][0xfa]hhp[0xc1][0xd1][0x90][0xf2]`[0x8c][0x86]*[0x8f][0x15][\r]![0xa1]$[0x1a][0x8a][0x12]<4[0xe4]\[0xbd][0xd0][0x90][0x90][0x11]![0x12]d[0xab] [0xd2][0xe3]A [0x12][0xe3][0xdb][0x9f]!([0xe3]>C[0x90]/|[0x86][0x98][0x8][0xf5][0xc]=[0x99][0xe3][0x19][0x82]2[0xba][0xc3][0x83][0xc][0xad]3[0xc4][0xaa]z[0xe6][0x8]t[0x86][0xa2][0xd4][0xe4][0xc][0xc9][0x82][0xf4]Ds[0x15][\r]]O[0xf2]f([0xcb][0xb0][0xcd][0x18][0x94][0xfb][0x9a]![0xcb]!5C[0xc6][0x8f][0xa2][0x19][0xc2]<83[0x84][0x4]Vf[0xa8][0x9]y[0xcc]P[0xf4]$b[0x86][0xf2][ [0x98][0xe1]4[0x12][0xf7]2[0xe4][0x84][0xd4]e([0xd2][0xba][0xd5]:m[0xa5][0xba][0x15][0xaa]Y[0xc3][0xa0]m[0xd2]-[0x98]=[0x18][0x9d][0x86][0x83]q[0xd0][0x1e]v@[0xb7][0xd2][0x9][0x84][0x95][0xc9][0x81][0xa6]C[0xd4][j6[0xb3][0xb]~[0xa5]O[0xe]<[0xbe]L[0x1b]h[0xa1]#,[0x86][0x85][0x8e]#[0xd9][0xea]x[0x14]"U[0xbd][0xa8][\r]rQ[0xba][0x8b]![0x9f][[0xd7]=[0x86]*[0xf8][0xd0][0x1f][0x9]Upc[0xad][0xa7][0xc9]~(T[0xc1])[0xb4]Iw[0x1a]T[0xc1][0xa7][0xef][0x2]UA[0xd4][0x1f]D[0x9d][0x1][0xd8][0x97]e[0xc6][0xdd][0xd9]M[0xe7][0xf2][0xec]K[0xe7][0xf2]C[0xf9][0xf6][0xe5]y[0xbc][0x83]{[0xa3][0x8a][0x9b][\r][0xab]f[0x15]oabkr[0xb][0xb7].[0x1f][0x1f]g[0xa5][0xab][0xfd][0xe0][0x1c][0xaf][0xc2][0xb0][0x1b][0x86][0x95][0xbb][0xac][0x8b]9v[0x17][0xcf][0x97]w[0x17][0xcf][0xf9][0x9d][0xd5],[0xc1][0xca][0xea][0x2][0xc2]*_.[0x8d]X[0xe5]#[0x9d][0x18][0xeb][0xf0]p[0xb2]![0xab][0x9a][0x90]P[0xd6][0xa1]%[0xc2][0xac]C[0xc6][0x1f]g[0x95][0x9a]R[0xd0]:[0xa4]\I[0xeb]0[0xd2][0x1d][0xb5][0xe]c[0xfd][0xb0]V[0xf9]Z|[0xc3][0xd6][0xa1]}[0xfc]*7[0xf8][0xd6]~[0xb1][0x83][0x86][0x9a][0x6][0xd8][0xb8][0x1][0xcb]:[0xba]'93/u[[0xf2]{[0x86]qQ[0x17]T[0x9b][0xba][0xd0][0x88][0xb3]x[0xe1]%1|[0xe1]i_[0xfe][0x85][0x9f][0xc1][0x99][0xc1][0xf0][0x14]W[0xc3][0xf0][0xa2][0x7][0x14][0xc3][0xe3]<[0x1b][0xc3]{B"[0xc3][0xc3][0x12])[0xc3][0xab][0xae]`[0x86][0x97]dnFw[0xd9]|Fgy[0x8a]F7[0xf9][0x98][0x86]we[0xa6][0x86]w[0xf9][0xb4][0x86]7E[0xc2][0x86]ge[0xd0][0x86]we[0xde]f[0xed]2[0xd8][\r]o[\n]"
02:44:38.791 [main] DEBUG org.apache.http.wire -  << "[0xf5][\r][0xf]K[0x11][0xe]/{[0xb1]8<[0xef][0x89][0xe4][0xf0][0x13][0xc8]d[0x8e][0xea][0xca][0x81][0xe][0xaf]s[0x9c][0xe][0xaf][0xf9][0xe1]:[0xbc][0xcf]S;[0xbc]'[0xc0];<*4<<[0xec][0x89][0xf2][0xf0][0x13][0xbc][0x85][0xe8][0xe1]g[0x93][0xc0][0x1e]^[0x15][0xfa][0x1e][0x1e][0xa6][0x99][0xaf][0x9d]Nbk+[0xc2]kG[0xc3]0[0xbd]y[0xb7]:[0x89][0xad][0x7][0x7][0x9c][0x6][0x83]q+[0x80][0xe9]i[0xc3] [0x9d][0xa1]Va[0xbe]r[0xa6]3[0x8c]:[0x96]Il[0xe8][0xd5][0xda][0xb4][0xcf]6[0xd0][0x82]~[0xb6][0xe1][0xa4][0xfd][0xa1][0x83]5[0x2][0xcc]fhew[0xfd][0xf6]A[0xa9][0x8e][0x9][0x10]4[0xac]z[0xcb]/|[0xe8]{&@[0xf8][0xf4]][0x8]0[0xc][0x82][0xbe][0x9a][0x6]H[0x2] [0xcc][0xf];[0x8f].[0xef][0xca][0xb7][0xdb][0x16][0xab][0x16][0xaa][0x1f][0xd1]KK[0x16]n[0xbf][0xed]6[0xcd][0xd2][0x9f]Y[0xa5]O[\r][0xc8][0x91][0xaf][0xdf][0xe][0xdb][0x15][0x8a],[0x8c][0xef][0xe6]et7R[0xb7][0xdc][0xb2]|/[\r][0xb]x/[0xbf]FZ[0xf6][0xf2][0x83][0x9c]P/}[0xb4][0xd8][0x9e]W[0x1a]-[0xa1][0xbc]4#R[0xbc][0xb4][0xe0][0xf][0xf0][0xb2][0x9c][0xd4][0xee][0xd2][0x8a]+[0xdb][0xa5][0x83][0xdc][0xc5].[0x1d][0xe6][0x7][0xeb][0xf2]+[0xf0][0xed]ti[0xb6]"
02:44:38.791 [main] DEBUG org.apache.http.wire -  << "[0xf4][0xba]4[0xd8][0xdc]a[0x95][0xc0][0xf4][0x8d][0x9f][0x83]o[0xd5][0xb3][0xd4][0x6]7m[0xa0]3[0xb2][0xe9][0xa3][0xc5][0xb0][0xa6][0xe7]|a[0x9a]^u[0x6]4}8[0x17][0xcd][0xf4][0x8a][0x7]([0xd3][0x83]<[0x1c][0xd3][0x1b]B[0x10][0xd3]c[0x12][0x4][0xab]|[0xc1][0x1c][0x17][0xd9][0xd3]G[0xcb][0xb0][0xeb][0xb8][0xc5][0x6][0xae][0xe3][0x14][0xf][0xb5][0x8e];|[0xc8][0xd2][2[0xbc][0xd2][|[0xb0]:[0xba][0xa6]|[0x1]=[0xf8][0x16][0xa4]LKun[0x3][0xd4]S2[0x98][0xaa]\[0x96]hQ;c[0x8b][0x1]P[0xd5][0xcf]/][0xfd][0x8e][0xbb]h[0xdd][0xf1][0xf3][0xaa][0xaa]X.w`[0x1e]_[0x9a][0xf8]~K=[0xe9][0x9][0x94][0xaa][0xd7][0x99].[0xa9][0xbd][0xe1]-:Wm[0xc9][0xe1]H/r[0xb0]H/[0xf8][0x1]"[0xbd][0xc9]C![0xd3][0x17][0x93][0xb5]H[0x9c][0x1e][0x12][0xe2]O[0xe5][0xf1][0xde]/('Z[0x4]N[0x8f][0xbe][0x5][0xf2][0xe8]g[0x90][0xc0][0x8e]^[0x12]bN[0xe5]yrX[0x11]N[0xbd][0x95][0xeb][0x8b][0xb8][0xb5][0xe0][0xf6][0xc1][0xce]i[0xd8][0x1b][0x87][0xad]a[0xab][0x8d][0x0]N[0xa6]3p[0xa7]"[0x1c][0x3]:c[0x9a][0xa7][0xd5]>[0x85][0x92]Z[0xc4]m0[0x8c]`[0x11][0xb7][0x96][0x5]p[0xb4]+[0xb4][0xa1][0x8d][0xe9]`[0xb][0xd4][0x98][0x86][0x90]8[0xa3][\r][0xd0]@F-[0xe2][0x9f]qL[0x10][0xc2]\[0xa3]c[0x8f][0x81][0x9f][0xdf][0xab][0x1e][0x3][0x1f][0xfa]#=[0x6]f[\r][0xbd][0xf5][0x94],8[0x5]>%[0xb]>}[0x17][0x8f][0x9][0x82]^[0x10][0xb6]z[0x16][0x90][0x81][0xb5][0xcf]&[0xdf]Fw[0x1f][0xda][0xf0][0xf5][0xc8][0x17][0x9b][0xdd][0xc7][0xf][0xbb][0xcd][0xe]6[0x96][0xd0]E[0xe6][0x1][0xe6]X4[0xcb]h%[0x19]5"'[0x99]0[0xe8]t*[0xd7][0xb2][0x9f]v[0xf5][0xed]r[0xfc]E[0x9d][0x9f]E2iX@2[0xf9]5[0xd2]$[0x93][0x1f][0xe4]D2[0xe9][0xc3][0xc5]&[0x99][0xd2]h[0x9][0xc9][0xa4][0x19][0x11][0xc9][0xa4][0x5]$[0x93][0xe5][0xa4]$[0x93]V\I&[0x1d][0xe4]N2[0xe9]0?$[0x93]_[0x81]o[0x92]I[0xb3][0xe5][0x17][0xa6]n2[0xfb]?[0x81][0xcd][0x1a][0xd4][0x6]1[0x9b]t[0xc7][0x6][0xf5][0xe2]v\[0xb4][0xec][0xe8]<[0xb5]UF[0x1f][0xe9][0xcc]2[0x95][0xe1]b[0x97][0xa9][0xf4]|[0xc1]L%[0xeb],3[0x95][0xf1]\[0x9a][0xa9]d<[0xd8]L[0xa5][0xc8][0xc3][0x99]JD[0xa8]3[0x95][0x9a][0x84]g[0xaa]_6G[0x9f][0xa9][0xc][0x97][0x1][0x8d]![0xc6][0x16][0x1a]C[0x8b]G4[0x86][0x10][0xdf]h*1[0x19][0xd2]Tb|[0xa5]9[0xbe]*>[0xd3]TZ2[0xa7][0xa9]^[0x98][0x8]j[0xcc]1[0x86][0xd4][0x1c]}[0x8a]"[0xaa]1<[0xbf]$Vc[0xb8]81[0xd6]T[0x9a][0x9e][0xb4][0xe6][0xe8]J%\s[0x14][0x93]{M%[0xc9][0x1][0x9b]J[0xc2][0x8f][0xd8]T[0xa2]<[0xb2]1~IYfS)[0x9][0xd1][0xa6][0xfa][0xa0][0xfb]Q[0x9b]J[0xf5]-[0xd8][0xa6]r[\n]"
02:44:38.791 [main] DEBUG org.apache.http.wire -  << "[0x89][0xdb]TRB[0xb8][0xa9]>]([0xb9][0x9]Zj[0xea]M[0xd0]I[0xd7][0x8f][\n]"
02:44:38.791 [main] DEBUG org.apache.http.wire -  << "[0x87]a`[0x9a]z[0x3][0xba][0xd3][0x85][0x1b][0xf1]R[0xdd][0x81]%[0xa4][0xd2][0xbb][0xf0]*So[0xca][0x99]h[0xd8][0xb6][0xad][0x1f][0xa5]_[0xa2][0x8d]n[0x8c]G[[0xec][0xc6]8[0x86][0xc4][0x1b]}[0x84][0xae]7j[0x1b]G[0xfd][0x1e][0xc1][0xa3][0xa3]3[0xdd][0x19][0x18]q[0x7][0x96]4[0xaa][0xe2][0xe]|[0xe8][0x8f][0xc4][0x1d][0xb8][0xf9][0xed][\r]p[0xe7][0xcf][0xb0][0xb8]>|f[0xb8])[0xc1][0xa3][0xee]dJ[0xbd][0xde] [0xea]B[0x91][0x9c][0xe4][0xf3][0xed][0xf2][0x5][0x16][0xa4]:[0xfb][0xf5][0xe9]`J[0xf][0xcf]W[0xea][0x16][0x9d][0x8a]([0xad][0xe3][0xe7][0xa7]][0xf3][0xf0]gVPJ[0x7][0xe4][0xa2][0xd4]m[0xb5][0xfb]![0xb2][0xe][0xd5][0xaf]O[0xa3][0x97][0x9b][0xe7][0xcb]l[0x8f]T[0x16]+eu[0x81]+[0x15][0x97]J[0xc3]Rq[0x94][0x93],e[0xf][0x1b][0x9b][0x96][0xca][0xc3]%[0xb6][0x94]uD[0xb8][0x94]%[0xfc][0xe9]R[0xde][0x93][0xf2]R[0x96]q[0xf5][0xa5]l[0x94];0e[0xe3][0xfc][0x8]Sq[\r][0xbe][0x89])[0xeb][0x1e]^[0xa9][0xba]0[0xe5]{e0H[0xa9][0xda][0xad]-J[0xda]@gP[0xd2]G[0x8b]=I[0xcf][0xf9][0xe2]$[0xbd][0xea][0xac]I[0xfa]p.&[0xe9][0x15][0xf][0x96][0xa4][0x7]y[0x94][0xa4]7[0x84][0x92][0xa4][0xc7]$[0x90]T[0xf9][0x82]9:[0x92]>Z[0xc6]H[0xc7]-[0xb6]"[0x1d][0xa7]x[0x88]t[0xdc][0xe1][0x1b][0x92][0xde][0x92][0x11][0x92][0xde][0xe2][0xb][0xd2][0xd1]5[0xf1][0x1]IO[0xc9][0xfc][0xa8]rY">2[0xb6][0x18]zT[0xfd][0xfc]Dxt[0xfc][0xbc][0x92][0xd8][0xd1][0xf1][0xa5][0x89][0xe9]HOz[0x92][0xa3][0xea]uJ[0xe0][0xa8][0xda][0x92][0xbb][0x91]^[0xe4][0xb0][0x91]^[0xf0][0xa3]Fz[0x93][0x87]F[0xa6]/&[0xcb][0x8c][0xf4][0x90][0x90][0x8c]*[0x8f][0xb7][0x1f]1[0xd2][0xa3]o[0x1]F[0xfa][0x19]$^[0xa4][0x97][0x84]\Ty[0x9e][0x90]Z[0x4][0x1b]1[0xc2]<[0x9f]`[0xc][0x93]|:[0xb0]Lx:A[0xc7]p[0xa3][0x16][0xdc][0xab][0x5][0xa2]4[0x18][0x86][0x9d]a'[0x15][0xa5][0x8a][0x16][0x15][0x19][0xd8][0xf3]1[0x1c][0xc][6-[0xd2][0xae][0xd0][0x86]E[0xa6][0x83]-Vd[0x1a]BR[0x91]6@[0x97]"[0xf8]]&A[0xed][0xa8][0x7]w[0x14][0x1d]O[0xf4][0x81][[0x86][0xaa][0x16][0x4][0x1f][0xfa][0xe7][0xb3] m[0x91]p[0x12]e[0xe0][0xd3]wA[0x99]n[0xbb][0xaf]V[0xb5]"I&[0x4][0xf]y[0xc9]=$[0x9f][0xe6][0xb3]I[0xb7]9D[0xee][0xbe][0x9a]&[0xf][0x9]l[0xc8][0xbd][0xdb],v[0xb0][0x1]m[0xb6]#h[0xf9]X[0xab][0xd4][0xe8][0x81][0x9c]l[0xa2][0xee][0x0][0xdb][0xde]0[0xfc][0x94]-`[0xce][0xc2][0x1a][0xd5][0x15]P[0xcd][0xd1][0xb5][0xd2]fst[0xb8][0x13][0xde]T[0x1e]Y[0xb6][0xe2][0x18];[0x12][0xce][0xa9][0x4]E[0xae]S}[0xfa][0xc0][0xb6][0xf1][0xeb]d[0xfa][0xda][0x84][0xbd][0x9d][0x93]u[0xba][0xd7][0xf3]j[0xa9]6[0xec][0xcd][0x17]AH[0xbf][0x87][0xb4][0xec][0xda][0x9b][0xed]+X[\r]K[0xa5][0xa7][0xd2]s%[0x9f][0xca]pw[0xfb][0xa9][0x4][0xfc] [0xd0][0xd1]U[0xf9][0xd6][0xa0][0xea]W[0xa1][0xfa]N[0xa2][0xeb][0xd0][0x87]Fe[0xe7][0xc4][0xf4]o[0x9f][0xc6][0xec]a5[0x87]w[0x19][0xf8][0xce]u[0x9a][0xaf]N[0xae]Vjb[0x18][0x92][0xed]jj[0x9b][0x12][0x19]r6&[0xba]&6':[0xef][0xcb][0xa0][0xe8][0xb3]8[0x9b][0x14][0x9d][0xe3][0x1a][0x15]][0xf5]`V[0xf4][0x9]x[0x86]E7[0x85][0xa6]E[0xc7]%[0xc6]E[0x97]][0x17]u[0xa2]k2[0x3][0xb3][0xb7][0xd9]&fO[0xf3][0x8c][0xcc][0xde][0xe5][0x9b][0x19][0xdd][0x96][0x19][0x1a][0xdd][0xe6][0x9b][0x1a][0xdd]=[0xfc]([0x1]i[0xb8][0xde]KG[0xa7]e[0xe6]F[0xb7]e[0xb]?[0xd5]j3L[0x8e]"
02:44:38.791 [main] DEBUG org.apache.http.wire -  << "[0xee]VIM[0xad][0x15][0x9c][0xac][0xce][0x8d][0x8b]t\[0xba][0x8][0x14]][0xf7][0xb2][0x10][0x14]}[\n]"
02:44:38.792 [main] DEBUG org.apache.http.wire -  << "O[0xa6]G[0x9f]D[0xb6] [0x94][0xad]-7?[0xfa][0xc][0x1c][0x3][0xa4][0x8b]~L[0x90]>[0x7][0xcf][0x8][0xe9]f[0xf6]da[0x99]![0x1d][0x16][0x1a]"[0x1d][0xf7][0xb4]X[0x14]}[0x92][0xb7]0F[0xfa][0x8c][0x12]s[0xa4][0xcb]B[0x83][0xa4][0xe3][0xe4][0xe2]Q[0xb0][0xb5][0xa1][0x9a][0xc4][0xd6]U[0xbb][0x1b]v[0xfa][0xc3][0xb0]k2[0xc9]t[0x7][0xc4] [`[\n]"
02:44:38.792 [main] DEBUG org.apache.http.wire -  << "f[0xb0][0xa5][0xbb]$[0xea]&y[0xc8][0x0]Hv[0xf3][0xdb][0x13][0xd5][0xfb]>[0xb2]F<y[0xc5]6[0xa3][0xac]3[0xd8]b[0x96]u[0x12][0xa4]a[0x92][0x1][0xc4]4[0x7]F[0xd1][0xfc][0xf3]-%[0xf5]6[0xb3][0xdb][0xea][0x8b][0xa6][0xe3]RRQ[0x7]v[0x94][0xec][0x6][0xd6][0x8d][0xf]/[0xc7][0x93][0xa7][0xcb][0xbb]_[0xbf]}[0xca]&z[0xe5][0xb0][0xb9][0x8e]g[0xf3][\r][0x6][0x9b]O[0xc9]<[0x86][0x1b][0xa2][0x9a]G[0x7]YE3[0x1f][0x99]Sf[0xd8][0xeb]w;[0xd5][0xd5][0xae][0x9e]?[0xdd][0xf][0x9e][0xb][0xff]c[0x17][0xff][0xb2][0xba][0x9d]~[0x9c]?^[0xdf]][0xb4]?[0x9d][0xfd][0x1a][0x8c][0x9e][0xd2][0xe5][0xee]Y[0xb8][0x99][0x9d]I[0xc0][0x9b][0x87][0xb][0xa7]][0xf3]p[0x9c][0x13]h[0x16][0x8f]([2[0xf5][0x80][0x84]0[0x8b][0x92][0xc8].[0x8b][0x88][0xbf]Yi[0xfb][0xa2]T+[0x8b][0x90]+S[0x16][0xe3][0xdc]}[0xb2][0x18][0xe9][0x7]&[0xf][0xd7][0x81][0x88][0xe4]'[0x98]4[0xb1][0x98][0xbd][0xc4][0xf9][0xe][0xef][0x9b][0xd9]6[0xb9][0x8a][0xa7][0xf][0xb3][0xc5][0xc9][0xf0]k<[0xdf]$[0xbf][0xc3][0x6][0xb4][0xdb][0x87]y[0xe5]g[0xe][0xf8][[0xe9]vw[0xfd][0x1e][0xbe][0xd3]o[0xee][0xcf]P}[0xf] [0x97][0xa9][0x2]!L[0xef][0x89]l,[0x17][0x8d][0x9f][0xd4]H[0x86]B[0xa2]g[0xae][0xcd][0x8f][0xe6][0x82][0xb3];"[0x19]18"]_[0xd2][0x88][0xe4][0x9d][0x89][0x11][0xe9]pm[0x11][0xc9]y@E[0xa4][0xcc][0xd3]D$&dD[0xa4]*[0xf1]C$[0xe9][\n]"
02:44:38.792 [main] DEBUG org.apache.http.wire -  << "[0x87]HF&[0x86]D[0x94]M[0x85]D[0x93]g[0x84]D[0x90][0x8f][0x83]HT[0xa6][0x82]H[0x94][0xcf][0x81]HP[0xe4][0x80]HS[0x6][0x80]HT&t[0x94]A~HPh}HU[0x8a]|H[0xd6][0x8b][0xee]!mO[0xac][0x87][0xd4]e[0x9e][0x87]F[0xe5][0x90][0x87][0xa4]9[0x82][0x87][0xa4][0xfc][0xd0][0x1d][0x12][0xe7][0x99][0x1d][0x12][0x13]`[0x1d]R[0x14]*[0x1d]R[0xf5][0xc4]sH[0xfd]-\[0xe]9[0x95][0x4][0xe4][0x90][0xa4]P[0xe2][0x90]*IpA[0xe7]4[0x80])}]u[0x83]([0xac][0xdb][0xd5]1m[0xd3][0x18][0x82][0xd1][0xc1]1az[0xa3]i4[0xec][0x18][0x96][0xff][0xaa][0x1e][0x12]Y[0x96][0xff]2_[0xaa][0xcd][0xde][0xc8]Q[0x16]t#[0xc7][0x92][0xda]f[0x1e][0xa9]3[~[0x93][0xe9][0xd3][0xd3][0xd3][0xfb][0x94]k[0x8a][0xb9]j[0xe9]Ozph6[0xaf][0xb0][0x13][0x81]n[0x1d]O+[0xfc][0xf3]![0x9c][0xbf][0xf5][0xc3][0xa0]4[0x9f]M[0x92][0xc5]&9[0x19][0xfe][0x19]n1[0xad].[[0x6][0xbf]/[0xa6]t[0x9e][0xc][0x1d][0xed][0xaf][0x1b][0xf4]:[0xbd][0xd0]v[0x8b]i[0x8][0xcb][0x96][0x5][0x97]/[0x17][0xa5][LW[0xc8]T[0xc6][0xd5]nq[0x17]_Oc[0xf8][0xdf][0xfb]f[0xf9] [0xab][0xf8][0x95]G[0xe6][0xec][0x17][0xf4][0xba][0x83]N[0xb]Y[[0xfe][0xbc]}yw[0x1f][0x8c][0xce]>[0xb3][0xad]/[0xcf][0xb][0xb0][0xaf]r[0xcd][0xb4][0x96]T[0xe]vb?[0xed]ae[0xdb][0x9f][0xa1]"[0x1]@-'R@[0xad][0xe4][0x8f][0x2][0xf5][0xac][0xd4][0x3][0xb5][0x9a]+[\n]"
02:44:38.792 [main] DEBUG org.apache.http.wire -  << "j[0x83][0xdd]eP[0x1b][0xee][0x87][0x7]+W[0x84][0x18][0xe1][0x97]M[0xb2]N[0xdf][0xfc]]mP[0xcb][0x97][0xdf][0x8]t[0x1b][0xfc][0xfb][0xe6]yr[0x9b]L[0x13]x[0x87][0xdd]/d[0xcf][0xf0]@[0xf4]l[0xb5]=[0xd0]\p[0xf6]@$#[0xf6]@[0xa4][0xeb][0xcb][0x3][0x91][0xbc][0xb3][0x7]"[0x1d][0xae][0x7]"9[0xf][0x1e][0x88][0x94]y[0x1e][0x88][0xc4][0x84][0x1e][0x88]T%[0x1e][0x88]$]=[0x10][0xc9][0xc8]<[0x90][0x88][0xb2]=[0x90]h[0xf2]<[0x90][0x8][0xf2]=[0x10][0x89][0xca]<[0x10][0x89][0xf2]=[0x10][0x9][0x8a]<[0x10]i[0xca]<[0x10][0x89][0xca]<[0x90][0x8e]2<[0x10][0x9][\n]"
02:44:38.792 [main] DEBUG org.apache.http.wire -  << "=[0x10][0xa9]J=[0x10][0xc9]z[0xf1]@[0xa4][0xed][0xc9][0x3][0x91][0xba][0xcc][0x3][0xd1][0xa8][0xdc][0x3][0x91]4[0xc7][0x3][0x91][0x94][0x1f][0xf]D[0xe2]<[0xf]Db[0x2][0xf]D[0x8a]B[0xf]D[0xaa][0x9e]<[0x10][0xa9][0xbf][0x85][0x7]"[0xa7][0x92]x [0x92][0x14]z R[0xa5]=[0x10]V[0x94]S[0xdc]7[0xe]:C[0xd8][0xae][0xb1][0x93]B^[0xf5]6[0xe1][0xe]``[0xba][0xa8]\{[0x18][\r]`[0xe6][0xde][0xf1][0x94]<`[0xc5][0xe3]C[0x88])y[0xe6]K[0xb5]y 9[0xca][0xe2][0x81][0xe4]X[0xd2][0x3][0xcd]#5[0xf],[0xef][0xe1][0x18][0x86]}[0x13][0xfa][0x1][0x1b]U[0xef]%[0x86][0xf][0xfd][0xf3][0xdd]K[0xfc]g@?[0xf2][0x16]f[0xf8]C[0x97][[0x98][0x83]0[0x88][0xda][0xc7];[0x4][0x9c]?}[0x9a][0xff]m>[0xf9]8x[0x89][0xf9][0xe9]q[0xb2][0xb8][0x87][0x9d][\n]"
02:44:38.792 [main] DEBUG org.apache.http.wire -  << "[0xce][[0xa3][0x97][0xf3][0x0]f[0xfe])d[0xab]s+[0xf3]6[0xb9][0xfd][0xb0][0xd8]<%k[0xc6]][0xcc][0xfb][0xb1]9[0xff]EmX[0xfd].@[0xf8][0xef][0xf3][0x8b]Z[0xf3]n4[0xe6][0xf3]_[0x9e][0x17][0xf0]_[0xf9][0x82]i[0xfb]+[0x1f][0xe9][0x4][0x87][0xc7][0x93][0xad]~[0xd5][0x84][0x84][0xfc][0xe]-[0x91][0xf7][0x95][0x9e]%[0xde]nV.5[0xa5][0xd2]wH[0xb9]2[0xdf]a[0xa4][0xbb][0xf1][0x1d][0xc6][0xfa][0x1][0xbe][0xf2][0xb5][0xf8][0xd6][0xbd][0xd2][0x83]M[0xdf][0x8e]|[0x16]?[0xa8][0xff][[0xe4][0xbb]![0xac]7[0xac][0xfd])[0xf1]7[0x95][0xda][0xbe][0x87]][0xb1][0xb3][0xf0][0xa1]![0xb1][0xf1][0xa1]e_[0xca][0x87][0x9e][0xc0][0xd9][0xf9][0xd0][0x12]W[0xfa][0xd0][0xa0][0x7][0xeb]C[0xdb]<[0xed]CsB[0xef]C[0xbb][0x12][0xf1]C[0xa3][0xae][0xe6][0x87][0x86]d[0xea]Gf[0xd9][0xee]GVy[0xf2]G&[0xf9][0xf6][0x87]fe[0xfa][0x87]f[0xf9][0xfe][0x87]&E[0x2][0x88]Ve[0x6][0x88]fe[\n]"
02:44:38.792 [main] DEBUG org.apache.http.wire -  << "h[0xcb]2[0x1c][0x10]M[\n]"
02:44:38.792 [main] DEBUG org.apache.http.wire -  << "%[0x10][0xed]J-[0x10][\r]{[0xd1]@[0xb4][0xee][0xc9][0x3][0xd1][0xbe]L[0x4][0x89][0xac][0xdc][0x4][0xd1]8G[0x5][0xd1][0x98][0x1f][0x17]D[0xf3]<[0x19]Ds[0x2][0x1b]D[0x9b]B[0x1d]D[0xbb][0x9e]|[0x10][0xed][0xbf][0x85][0x10][0xa2]'[0x93][0x18]![0x1a][0x15]*![0xda][0xa5][0x9d][0xb0][0xaf][0x80][0xf]n[0xcb][0x85]y[0x83]A[0x17][0xd9]6T?&Jo[0xef][0xad],'X:$[0xea][\r][0xdb][0xe9]![0x84][0x13]b[0x17]k[0x93]B[0xcb]8[0x8b][0x15]ZF[0x93]Z[0x88][0x8d]%[0xbc][0xf0]_\8[0x84][0x1d]"
02:44:38.792 [main] DEBUG org.apache.http.wire -  << ".[0xb6][0x7]4[0x1b]][0x8c][0x1b]?[0xe6][0xb3][0x8][0xe1][0xc1]YM[0xbf]][0xcd][0xa6]'[0xc3][0x13][0xf8][0xb8][0xd2][0xe9][0xf5][0x1c]~[0xad]f`n`[0x9f][0x8f]x5SO[0x86][0xe2].[0xbb]|[0xf2][0xe1][0xa6][0x99][0x7][0x97]SXH0[0x1d]{6[0xe9][0x8e]?[0xce][0xef]~[0xfb][0xb9][0xf3][0xf2][0xdb][0xf8][0xfc][0xe5][0x4]n[0xd8]K[0x1e]>[0x19][0xfa][0xe4]B[0xb8]%v[0xd0][0xe9]u[0x6][0xb6]Y[0x82][0xcf][0x97]/7[0x1d][0xa0][0xc2][0xe0][0xd3][0xf8]C].[0xfc][0xf1]y[0xf1][0xed][0xfc][0x99][0xb5][0xe6]a14[0xc7][0xc2]^[0xaf][0xdd][0x1f][0x0]S[0x97][0x17]f,[0xf6]<[0x9d][0xb4]aA[0xc6][0xce][0xa7][0xf][0xfc][0xdb][0x82][0xb3][0xba][0x80][\n]"
02:44:38.792 [main] DEBUG org.apache.http.wire -  << "KWKKa[0xe9]@'([0xdc]?[0x92]l'[0xac][0x14]$L[0xb8]O[0x89][0x94][0xf0][0xf0][0xe4][0xf0][0x86][0x84][0x87][0xa4][0xd4][0x8][0xf7]%W"[0xdc][0xf]t[0x17][0xc2][0xfd]P?@X[0xba][0x12][0xdf]>xx[0x9c]i[0x1e][0xac][0xac]U8M[0xb6][0xc9]D[0xdd][0x8e][0xdc][0xf8][0xaf]x[0x1b][0xc3]+[[0xbd][0x9d][0xe5]w#[[0xde]%[0xd3]G[0xb3][0x89][0x9f][0xb7]6[0x14]"[0x9]g'[0xc4]:b&[0xc4][0xc2][0xbe][0x94][0x10][0xeb];#![0x16][0xe2][0x1a]![0xd6][0xf3]@[0x84]X[0x9a]'[0x84]XM[0x8][0x84]XV[0xe2][0x83]X[0xd3][0x95][0x7][0xb1][0x8e]L[0x7][0xa9]*[0x1b][0x7][0xa9]([0xcf][0x6][0xa9]"[0x9f][0x6][0xb1][0xaa]L[0x6][0xb1]*[0x1f][0x6][0xb1][0xa2][0xc8][0x5][0xb1][0xa8][0x8c][0x5][0xb1][0xaa]L[0x5]-U[0x6][\n]"
02:44:38.792 [main] DEBUG org.apache.http.wire -  << "bE[0xa1][0x9]bY)[0x9]b]/"[0x88][0xc5]=[0x81] [0x96][0x97]y ^[0x95]s [0xd6][0xe6]h [0xd6][0xf2][0x83][0x81]X[0x9d]g[0x81]XM@[0x81]XR([0x81]X[0xd6][0x13][0x4]b[0xf9][0xb7]p@[0xec]\[0x12][0x6][0xc4][0x9a]B[0x5][0xc4][0xb2]$[0x2][0xc2]][0xbf][0xad][0x9e][0x9a],[0xa8]6[0x3]Q[0xf3][0x5][\r][0x93][0x5][0xf3]c[0xa2]t[0xb2] L(4[0xec])R9$J[0xe7][0x13][0x12][0x8][0x88]\[0xab][0xcd][0x0][0xe9]a[0x16][0x2][0xa4][0x7][0x93][0x2][0x88][0xc]E[0x1][0xb0]m\[0xa9][0xef]{[0x99]/X[0xa5]>[0xc7][0x89]{}[0xd8][0x82]5[0xe8]t{[0x96][0xed]G[0xa2]Og[0x17][0xc1]h[0xfc]%[0xbc][0xcc][0x16][0xc2][0xab]3o[0xef]f[0x7][0xdf][0xae]=.7K[0xf8]ab[0xce][0x98][0xbb][0xa7][0x8d][0xcf]I[0xae]?[0x80]Mh:[0x88][0xc9][0x1][0x15][0x9e]M[0x9e]/[0xc7]7[0xec][0xdb]w[0xf3][0xbc][0x0][0xe5][0xaa][0x17]M[0xcb]\[0xf5]h'[0x9e][0xd3][0x1f]_[0xb6][0xd1][0x99]2[0x12][0xa8][0xd3]{"[0xad][0xab]<[0x83][0xbc][0x91]][0xa5]+u;=[0xe7][0x8a]w[0xfa]hw[0xc1][0xd3][0xc7][0xfb]a[0xbc][0xea]5[0xf9][0xb6][0xbc][0xca][0x17][0xa0][0xe][0xe8][0x15][0x8b][0x3]42[0xd0][0x83][0x5][0xff]n[0x92][0x7][0x6][0xe7]YN][0xdb][0xf4][0xa8][0x8e]3[0xec][0x91]1[0xb1][0xee][0x91]u_[0xc4]G[0x9e][0xc4][0xd9][0xf9][0xc8][0x1a][0x17][0xfb][0xc8][0xa8][0x7][0xf1]#[0xfb]<[0xf6]#[0x93]B[0xfb]#[0xdb][0x12][0x0]$[0xc3][0xae][\n]"
02:44:38.792 [main] DEBUG org.apache.http.wire -  << "H[0xc6]d[0x14]hM[0xb3]=[0xd0]Z[0xe6][0xa1][0xa0]5[0xcb][0x97]A2-[0xe3]A2[0xcd]7B2+[0x82]B[0xb2],[0xd3]B2-#[0xc3]:i[0x86][0x1b][0x92]Y![0x1e][0x92]m[0xa9] [0x92]q/[0x8c]H[0x9e][0xc1][0x93]%[0x92][0xe7][0x90][0x81][0xa2]%-WE[0xf2][0x4][0x1c]Z$[0x83]~|[0x91]<[0x5][0xf][0x19][0xc9][0xa4]@[0x1a][0xc9][0xae][0x90][0x1b][0xc9][0xb6]'s$[0xcf][0xf1][0x16][0xf0]H[0x9e]P[0xa2][0x8f]dXH[0x90]d[0x9b]t[0xc8][0x0]6-[0x8e]N[0x83]h[0xdc]J[0xf7][0x11]i[0x99][0x16]1[0xcc][0x8f][0xe9][0x8d][[0xb0][0xb7]1[0xac]c[0x98][0x1e]S[0x99][0x8c][0x98]e[0xfa]j[0xfb][0xe3]V[0x8d][0xc9][0x88][0xd4][0x5][0xdb]0[0xb2][0xc6]X[0x8b]H[0xd6]([0x90],I[0x8d][0xd7]l[0xf2][0x4]~[0x97][0xad]_[0x18][0xc1][0xde][0xbd][0x87][0xef]7`[[0xad][0xdd]b[0x9b]N[0x97][0xfb][0xd7][0x9d][0xcc]j[0x81][0xc3][0xff]eS[0x13]AC[0xdb]Q[0xdf]61QY([0xdc]-|SZ[0xbe][0xd0][0xb2][0x1d][0xf3]f[0xb5]d[0x18]([0xac]l[0xb6]Z[0xe6][0xf6][0x19]t[0x6]a[0xab]ra[0xc5]t[0xc4]s[0x98]!y[0xf1]4[0x12]LG[0xcc][0xea][0x2][0xf9],.[0x95][0x16][0xcf][0xe2]('[0xe9]L[0x7][0x1][0xaa][0xcc][0xe7]K[0xb8][\r]<[0xdb][0xdc]A[0xfd][0x1a][0x98][0x92][0xde][0xbd][0xae][0xd8]s[0xf8]0\"[0x9b][0xd9]e[0x88]D3K[0xa8]w[0xb]_[0xdb])[0xa7][0xcf]+[0xa9]`f[0x97][0xe5]*[0x97][0xd9](w[0xb1][0xcc][0xc6][0xf9][0x91][0xca][0xe2][0x1a]|[0xb]e[0xfe][0x85]r[0x92][0xc9][0xd9][0xa2]1Y~[0xfd][0x9a]$[0x9b][0xc9]z[0xb6]R3[0xb5]][0xe7][0x1a]"g[0xad][0x8d][0x92][0xa6][0xf1][0xce][0x18]i[0x8c][0x88][0x11][0xd2]X[0xf5][0x85][0x8f][0xc6][0xb8]3:[0x1a]+\l4[0xc6]< [0xa3][0xb1][0xcb][0xc3]EcJ[0x88][0x8a][0xc6][0xa6][0x4][0x13][0x8d]AWD4Fdx[0x88]&[0xd9]h[0x88][0x16]yX[0x88][0xe6][0xf8]HhL[0xca]p[0xd0][0x98][0xe4][0xa3][0xa0]1'[0xc2]@cQ[0x86][0x80][0xc6][0xa4][0xc][0xff][0xa8]$[0x3][0xfd][0x8c]9![0xf6][0x19][0x9b]R[0xe4]3F[0xbd][0xe0][0x9e][0xb1][0xec][0x9][0xf5][0x8c]m[0x19][0xe6]!I9[0xe2][0x19][0xc3][0x1c][0xbc]3[0x86][0xfc][0xa0][0x9d]1[0xcd][0xc3]:cJ[0x80]t[0xc6][0x9e][0x10][0xe7][0x8c]MO(gl[0xbf][0x5][0xc6][0x19]O$A8cP[0x88]o[0xc6]&[0x8d]n[0xb0][0x4]`[0xef]4[0x84][0x8d]y;jW[0x90][0xc0][0xb8]y/[0xec][0xdc][0xb]w[0x9][0xf][0xc6][0x1][0xcc][0xfc][0x3]TKW[0x13]<[0xba][0x3]X;$u9b[0xf2][0x9f][0xe9]Bm[0xd8]F[0x8c][0xb1] [0x1b]1[0x92][0xc4]5[0xd3]8[0x1d][0xd5][0xf2][0x1d]CRK[0xd9][0xef][0x16]r[0x9b][0xac][0x97][0xf7][0xbb]x[0xb5][0xd2][0xf7][\r][0xe9][0x1a][0xdd][0xad][0xb4]uEAqj[0xb7][0x8d]xq[0xb3][0x8b]o`[0xbb][0x8d][0x13][0xb5]O[0xa4]:i[0xc][[0xcc]n6[0xbb][0x4]nm[0xdd][0xae]wI[0xf6][0x91][0xd5]zy[0x7][0xb7][0x8b]i[0x1f];[0xbc][0x91][0x94][0xe]|[0x9a][0xdd][0xcf][0xb4][0x81][0x10][0x87]Q[0xe9]&[0x97][0xf9]-[0xb3][0xa5][0xd3]?[0xcc][0xd6][0xeb][0xe5]:[0xb3][0x8a]l*_[0xbc][0x9e][0xdc][0xce][0x1e][0x13][0xb8][0xe7]6[0x1f]2[0x9d]m[0xe2][0xeb]y[0xe9][0x3][0xcb]U[0xb2][0xc8][0xaf][0xb0]d[0x8a][0xfb]mC[0xb4][0x19][0x81][0xd5][0xfd];J[0xf8]x2[0x84]?tY[0xca][0xaf][0xd7][0x9][0x6][0x9d][0xb0]k[0x99][0x10][0xd8][0xbe][0x1c][0x9f][0xc3][0x9d][0xb9][0x17]!<[0x94][0xf9]d@d[0xfb][0x8e][0xed]z[0x6]"
02:44:38.845 [main] DEBUG org.apache.http.wire -  << "[0xdf][0x80]-n[0x81]<f[0x9b]f[0xe9] [0xeb][0xf6][0x1d][0xda][0xc8][0x2][0xc1][0xa2][0xb0][0xd3][0x81][0xa9][0xa0][0xa6]{rae[0xc1][0xbb]/[0xc1][0xe8][0x86]On[0x90][0xd6][0x5][0x8]V[0xbd]d[0x1a][0xc3][0xaa]G;[0xa1][0x98][0xfe][0xb8][0xb2]q[0xcc][0x94][0x91] [0x99][0xde][0x13]a[0x99][0x9e][0xf2][0x87]f[0x95][0xae][0x14][0xcf][0xf4][0x9c]+[0xa2][0xe9][0xa3][0xdd]1M[0x1f][0xef][0x7][0xd5][0xaa][0xd7][0xe4][0x1b][0xd7][0xf4]~[0xe9]-[0x1][0xfe][0x82]H[0xe9][0xc]n[0xd7][0x85]w[0xea][0xec]N[0xde][0xfd][0xc4][0xbf][0xf4]/%[0x6][0xaa][0xa1]g[0xab][0xcd]j[0xe6][0x82]3[0xac]![0x19]1[0xad]!]_[0xb8][0x86][0xe4][0x9d]y[\r][0xe9]p[0x81][\r][0xc9]y 6[0xa4][0xcc]C6$&d6[0xa4]*[0x81]6$[0xe9]JmHF[0x86]mD[0x94][0xcd]mD[0x93][0x7]nD[0x90]OnHT[0x86]nH[0x94][0xcf]nHP[0x4]oHSFoHT[0x86]ot[0x94][0xc1]oHP[0x8]pHUJpH[0xd6][0xb][0xc2]!mO[0xc][0x87][0xd4]e[0x10][0x87]F[0xe5][0x14][0x87][0xa4]9[0x18][0x87][0xa4][0xfc]p[0x1c][0x12][0xe7][0x81][0x1c][0x12][0x13][0x90][0x1c]R[0x14][0xa2][0x1c]R[0xf5][0xc4]rH[0xfd]-`[0xe]9[0x95][0x84][0xe6][0x90][0xa4][0x10][0xe7][0x90]*[0xcd]s[0xed][0xd3][0x16]l[0xda][0xb][0xf4][0xd6][0x1a]vz[0xf0][0x9f][0xe1][0xde][0xdc] :m[0xc1][0xfe][0xbf]@xp[0xc][0xf0][0x9c]i[0x81][0xbe]r[0xa6]?[0xc][0x6][0x16][0x9e]3_[0xaa][\r][0xe8][0xc8]Q[0x16][0xa2]#[0xc7][0x92]Hg[0x1e][0xa9]3[0x1d][0xfc].[0x9b][0xfb][0x16][0x4][0xff][0xba]-[0xf7]M[0x16][0xc8][0x8b][0x82][0xa0][0x1d]v[0xdb]m[0xb][0xc3]=_[0x9e][0x9d][0x1b][0xbd]\[0x84][0xa3][0x97]Qu[0x81][0xbc]S[0x4][0xe4]>[0xc6][0xbb]u[0xfc][0x18][0xf6][0xc2]~6![0xad]|[0x9c][0xd5][0xe4][0xe][0x83][0xb][0x90][0xb][0xfb]Q/[0xa8]p[0xe1]~Z[0xda][0xf3][0xa7][0xb3][0xcf][0xed][0xd1][0xf8]W[0xf6][0x1d][0xb9]A[0x96][0x17][0x90][0x9c]v[0xc5][0xb4][0xc7]i[0x87]:a\[0xe9]1eK[0xdc]QC[0xc2]p[0xa5][0x98][0xc8][0xe0][0xca]O[0x16]o[0xb3][0xd6][0xca]Q[0xa9][0xbe][0x95]Z[0xae][0xf4]V[0x1a][0xea][0xee]n[0xa5][0xc1]~[0xd0]M[0xbb][0x1a][0xdf][0xe2]V~[0xc4][0xd5][0xbf][0xad][0x94]_[0xf3]&t[0xbb]X<[0xc6]S[0x98]j[0xd9][0xf8][0xf0][0x8f][0xbf]^\4>[0xc6][0xf][0x1c]y[0xa3][0xce]Z[0x1b][0xdf][0xd0][0x88][0xb3][0xbf][0xe1]%1[0xc1][0xe1]i_[\n]"
02:44:38.845 [main] DEBUG org.apache.http.wire -  << "[0x87][0x9f][0xc1][0x19][0xe2][0xf0][0x14][0xd7][0xe2][0xf0][0xa2][0x7][0x8e][0xc3][0xe3]<[0x91][0xc3]{B[0x94][0xc3][0xc3][0x12][0x97][0xc3][0xab][0xae]4[0x87][0x97]d:Gw[0xd9]@GgyFG7[0xf9]L[0x87]weR[0x87]w[0xf9]X[0x87]7E^[0x87]ged[0x87]wejg[0xed]2[0xe0][0xe]o[\n]"
02:44:38.845 [main] DEBUG org.apache.http.wire -  << "[0xed][0xe][0xf]K[0xf9][0xe]/{[0x11]<<[0xef][0x9][0xf1][0xf0][0x13][0xc8][0x1c][0x8f][0xea][0xca])[0xf][0xaf]s4[0xf][0xaf][0xf9][0x1]=[0xbc][0xcf]3=[0xbc]'`=<*[0x94]=<[0xec][0x9][0xf7][0xf0][0x13][0xbc][0x85][0xef][0xe1]g[0x93][0x10][0x1f]^[0x15]*[0x1f][0x1e]&[0xa1]O[0xad][0x9e][0x7]s[0xec]zc[0x98][0x84][0xa7]v[0xe3]m[0x19][0xa0]/;&l[0x8d][0xe1][0xb6][0xd6][0x8][0xe6][0xea][0xa5][0xc7][0xe8][0xf3][0xf0][0xe0][0x10]5[0xf]/T[0xf7][0xd0][0xaa]Rh[0x81]>[0xf4]jm[0xd6]g[0x1b]h[0xe1]>[0xdb]pR[0xfc][0xd0][0xc1][0x8][0xfa][\r]z0[0xa5][0xec][0xf0][0xbd][0xc2][0xf7]p[0xc7][0xeb][0x0][0xa6][0x10][0xe6][m[0xc][0xc9][0xb5][0xf8][0xe0][0xc0][0xe2][0xb6][0xdf][0xf4][0x1e]`[0x97][0x99]wa[0xd4][0xed][0x7][0xdd]n`[0xbb][0xf9][0x14][0xd0][0xef][0xd7][0x8]P-[0x1c][0xd5][0xdf][0x15]#^l[0x97]0[0x5]rz[0xbf]|d[0xdc][0x86]Z[0x1a][0x9d][0xb3][0xdf][0xa0][0xdb][0xe9][0xb5][0xe1]i`[0x9a][0x87]w[0x1f][0xc2][0x96][0x1d]/[0xa3][0xcf][0xfc]yxY][0x80]~[0xfa][0x5][0xd3][0xea][0xa7][0x1f][0xeb][0xc4]~[0xe5]G[0x95][0xed]~[0xc7][0x11][0x9][0xfc][0x95]k"[0xf9][0xd3][0x9e]1[0xde][0xe8]O[0xab]J[0xed][0xaf][0x1c]s[0xc5][0xbf][0xf2]Xw[0xfd]+[0x8f][0xf6][0xc3][0xfa][0xf5][0xf8][0xf6]?[0xed]aw[0xba][0xa9]u[0x9b]l[0xb6][0x8d]m[0xbc][0xb9]g[0xcc][0xbc]#[0xcf]Z[0x1b][0x0][0xf1][0x8a][0xb3][0x0][0x12])1[0x1][0x12]m_[0x6]H[0x9c][0xc2][0x19][0x1][0x89][0x16]W[0x1][0x89][0xa4][0x7][0x6]$[0xea]<[0x7]$[0x82]B[0x8]$[0xca][0x12][0x9]$[0xb2][0xae][0x14]H[0xa4]d[0x16]h[0x9][0xb3]1[0xd0][0xd2][0xe5]i[0xa0]%[0xca][0xe7]@",[0xf3]@"[0xcc][0x7]A"*[0x12]A[0xa2]+#A",3A{[0x98][0x81][0x82]DT[0xa8][0x82]DY[0xca][0x82]D[0xda][0x8b][0xb][0x12]}O0H[0x9c]A&[0x83]dXN[0x83]D[0x9e]c[0x83]D[0xce][0xf][0xe][0x12]'[0xe0][0xe9] [0x11][0x14][0xf0] Q[0x15][0xfa] Q[0xf6][0x4][0x84][0xc4][0x19][0xde]B[0x8][0x89][0xd3]I[0x88][0x90][0xc8][\n]"
02:44:38.845 [main] DEBUG org.apache.http.wire -  << "[0x8d][0x90]([[0x91][0xb0][0xad]t[0xf]n[0xc4][0x85][0x9d]::[0xe9][0x16][0x1b][0xbb][0xd5]4[0xde]&[0xd3][0xab][0x18][0x16]q;[0x9][[\n]"
02:44:38.845 [main] DEBUG org.apache.http.wire -  << "[0x9][0x8b]c[0xa2]0[0x9f][0xea]w[0x84][0x84][0xe5]C[0xc2]tR!q[0xb3].~[0xb9]6%[0xb4][0x8e][0xb4]0[0xa1]u<[0xe9][0x84][0xf8]h[0x4][\n]"
02:44:38.845 [main] DEBUG org.apache.http.wire -  << "[0xff]59[0xf0]Mv[0xcf][0xed][0x5][0x9d]^[0xd4][0xae]l[0x82]q[0xfe][0xf4]i[0xfe][0xb7][0xf9][0xe4][0xe3][0xe0]%[0xfe][0xe5][0xa7][0xc7][0xc9][0xe2][0x1e][0xa6][0xdd]}i_[0x9e][0x8d]"[0xf8][0xe2][0xe4]w[0xe8]^[0xcf]g[0x8b][0xfb][0xe5]W[0xf8]:[0xee][0xe7][0xff][0x9c][0xae][0xb3][0xdb][0xa1][0xbf][0xee][0xe6][0xf3][0xab][0xfc][0xb0]Q[0xb2][0x8d][0xe1][0x85][0xde]$[0xe][0xb7][0xce][0x13][0xcc][0x1b][0xb9][0x16]F[0xed]N[0xb7][0x1f]U[0xe6]2>[0xba][0x1f]<[0xff][0x16][0xfe][0xc7].[0xfe]eu;[0xfd]8[0xbc][0xbe][0xfb][0xfc]r9[0xfe]5[0xba][0x14],c[0x97][0x9d]I [0x87][0x87][0xb][0xa7][0xd5][0xf0]p[0x9c][0x93][0x18][0x16][0x8f]-[[0xb][0xf5][0x80]D[\n]"
02:44:38.845 [main] DEBUG org.apache.http.wire -  << "[0x8b][0x92]H[0x9][0x8b][0x88][0xbf][0xbb]s[0xf7]E[0xa9][0xe][0x16]!W[0x19],[0xc6][0xb9][0xab]`1[0xd2][0x8f][0x8][0x1e][0xae][0x3][0xd1][0xc0]O[0xeb][0x9b]x1{[0x89][0xd3][0xdb]e[0xd5][0x8c][0xec]mr[0x15]O[0x1f]fp[0xef]l[0xba][0xa8][0x0][0xec][0xdd]][0xeb]9L[0xbd][0xd0][0xf5][0xc9][0x81][0xab]y[0xfc][0xc]O[0xb9][0xc6]~z l[0xab][0xbb][0xbd]M[0x1a][0xd9][0xbf][0xb1]0[0x94][0xb0][0xf8]<[0x89][0xb7][0x9b][0xda]Vhk9[0x8b][0xa1]5(vC[0xeb][0x19]|[0xe9][0xa1][0xf5]D[0xce][0x86]h-r%[0xd1][0x1a][0xf6][0xe0][0x89][0xd6]s[0xf0]T[0xd1][0x9a][0x15][0xda][0xa2][0xb5]/[0x11]Fk[0xdc][0xd5]"
02:44:38.845 [main] DEBUG org.apache.http.wire -  << "[0x19][0xad]A[0x99]6[0xd6][0xca][0xb3][0xcd][0xb1]V[0x9d]'[0x8f][0xb5][0xd2]|[0xb4][0xe6]e[\n]"
02:44:38.845 [main] DEBUG org.apache.http.wire -  << "i[0xcd][0xf3]-[0xd2][0x9a][0x16][0x89][0xa4][0xb5].sIk^[0xa6][0x93]u[0xf3][0xc][0xa3][0xb4][0xa6][0x85]Ri[0xed]K[0xbd][0xd2]z[0x2]/ji=[0x8b]'[0xbb][0xb4][0x9e]G&[0x98]5[0xf2]r[0xc7][0xb4][0x9e][0x84][0xa3][0x99][0xd6][0xa8][0x1f][0xd3][0xb4][0x9e][0x86]'[0x9b][0xd6][0xac][0xc0]7[0xad]m[0xa1]rZ[0xfb][0x9e][0xac][0xd3]z[0x9e][0xb7][0x10]O[0xeb]I%[0xee]i[0x8d][0xb][0xf5][0xd3][0xda]'[\r]4[0x9d][0xde][0xa8][0xee]v[0x86][0x9d][0x88];[0xed]a;[0xbd][0x95][0xb9]b[0xa0][0x1][0x0]h[0xeb][0x14]&J[0x86][0xc1][0xb0][0xd5][0x1a]F[0x86][0x89][0x92]y[0x6]6[0x1b]i[0xa9]C:[0xb6];[0xa2]m[0x17]m[0x93][0xd0][0x9a][0xe3]-[0x1e]Z[0xb3]B[0xaa][0xa8][0xad][0xa1][0xd9]h6w0[0xbf]w[0xba][0x5]"[0xf6]}M[0xa3][0x84][0x99][0x8d][0xf5][0xa6]Qj[0xb][0x18]:N[0xa3][0xc][0xba][0xfd]V[0xd8][0x1e]tl[0xd3]([0xbf]][0xde][0xdd]<[0x8d][0xee]F[0xb0][0x8c][0xe1][0x87][0xd2][0xbd][0xd3][0x1f][0xc1]>o[0xe2][0xab][0x82]8[0xae][0xc6]I[0xfc]p[0xb5]][0xaa]]84$[0x8d]'[0xf7][0xff][0x19]o[0xbf][0xce][0x92][0xf9][0xb4]I[0x8c][0xb1]Ki)[0x94]s)l[0xf3][0x1][0x9b][0x90][0xb4]+[0x9b]2[0x17]7U[0xc3]>[0x1f]gj[0xf3][0x91]Q[0x1b][0xe][0x8f][0x1f]c[0x98][0x9b]W[0xdd][0x5]#[0xfd][0xe0]F[0xbd][0x86]nw[0xd7]j[0x13][0x8c][0xfc][0xfb][0x85]t[0x1][0xcd]][0xb3][0xe8]K[0x98]T[0xbf]j[0x8b]3[0xe9][0x7][0xbb][0x81]i[0xf9]q[0xe6][0xab][0xe9]qED[0xa7][0xe5][0x9c][0xcc]O[0xcb]%[0x8f][0x88][0xaa]e[0xc5][0x92]Z[0xae]9sjy0[0xc3]T[0xcb][0xc3]=[0xc1][0xaa]~E[0x88][0xae]~[0x81][0x97][\r]OU[0xcb]y[0xe2][0x9d]A[0xa7][0xd5][0xec][0xc0][0x83][0xac][0xe6]+[0xd1]6[0xd4][0xdb]Oc[0x9c][0xbd][0xfd],[0xd7][0xf7][0xfb][0xf5]bw[0xeb]9[0xfc][0xfb][0xa4]Z/w3l6[0xe3][0xd5],[0xb5][0xa7]/[0xf1][0xf4]an[0x8e]j^H}][0xad][0x13]t'[0xd6]ZU[0xb9][0xb3][0xd6]:[0x8d]7l[0xad]u6wq[0xad][0x95]e[0xb3]k[0xad][0xba][0xf]{[0xad]u"&[0xc0][0xd6]jK[0x15][0xb6][0xd6]ID[0x14][[0xeb][0xc][0xce][0x1e][[0xab]*D[0xd9][0xda][0xe7][0xe0][0xcb]l[0xed]S0y[0xb6]v_`[0xb4][0xb5][0xce]![0x84][0xda]Z[0xe7][0x10]hm[0xad][0xbe][0x8c]lk[0x9d]B[0xe8][0xb6][0xb5][0xce]![0xc4][[0x97]sp[0x4][0xb7]V_[0xca][0xb8][0xb5]N"[0xb6][0xdc]Zg[0xf1][0x3][0xba][0xb5]N[0xe5]Kuk[0x9d]LH[0xbb]5[0xcf][0xe1][0xc1]wk[0x9d][0x89][0x85][0xbc][0xb5][0xca][0x9e][0xa4][0xb7][0xd6][0xb9][0x98][0xdc][[0xab]-1[0xdf]Z'[0x90][0xc2]o[0xad][0x93][0xf8][0xd2][0xdf]Z'{[0x13][0x2][0xae]uf[0x91][0x3][0xd7]:[0x83][0x14][0x83]k[0x9d][0x84][0x16][0xe1][0x81]Z#3L7|nw[0xf3][0xed]i[0xaa]"[0x9c][0x1e][0xd3][0xe][0xc6]-5m6[0xe7][0xde][0xca][0x16]6p[0x8][0xb8]1,[0xa3][0xd9][0x1f][0x86][0xe1][0xb0][0x15]Xf[0xc5][0xd6][0xfa]i[0xd5][0xca][0xc2]u>[0xfd]<b[0xb3]a[0x87][0x14][\r][0xc4]uB[0xa8][0x12][0x87][0xdf][0x1d][0x12][0x7][0xb0][0xaf]O=%VG[0xb2][0xef][0xb6][0xef]w[0xba][0xb0][0xc0][0xa6]m[0x9f][0x9b][0x8]&[0xa4]>_[0xde][0x8d]J[0xfb][0xdc][0xd0][0x1b]=[0xcf]6[0x93][0xe5]z6[0xb9]g[0xdc]e[0xf][[0x0]ecs[0x6][0x86]%@[][0xb5][0xcb][0x91][0xe9]&{[0xb5][0xec][0xe7][0x87][0xf0][0xf2][0xee][0xb]i[0xcd],/@[0xe0][0xf2][0x5][0xd3][0x2]\>[0xd2][0x89][0xf7][0x3][0x5][0xdb]?[0xef][0xbf]$[0xd9][0x99]%[0xf0]{[0xb8][0x1c][0x91][0xfa][0x1e]2[0xfe][0xc8][0xb7][0xd4][0x94]z[0xef]![0xe5][0x8a][0xbd][0x87][0x91][0xee][0xd2]{[0x18][0xeb][0x87]y[0xcb][0xd7][0xe2][0xdb]xK[0xf]6}7[0xbd][0xda]m[0xac][0xf1][0x97]x[0x93]L[0x1b][0xd9]v6[0xfb][0xa9][0xb3][0xcc]55[0x89]3[0xd7]v\[0xac][0xe1]L[0xb7]hH[0xac][0xb5]h[0xd9][0x17][0xd0][0xa2]'p6Y[0xb4][0xc4]eX4[0xe8]A^[0xd1]6[0xf][[0xd1][0x9c][0xd0]W[0xd1][0xae][0x84]T[0xd1][0xa8][0xab][0xa2][0xa2]![0x19][0x9c][0x92]Y[0xb6][0x95][0x92]U[0x1e][0x8f][0x92]I[0xbe][0x88][0xa2]Y[0x19][0x82][0xa2]Y[0xbe]{[0xa2]I[0x11]u[0xa2]U[0x99]n[0xa2]Y[0x19]h[0xda][0xb2][0xc][0xc3]D[0x93]B[0xb6]D[0xbb]R[0xa9]D[0xc3]^p[0x12][0xad]{[0xf2]H[0xb4]/#H"+WG4[0xce][0x81]F4[0xe6][0xc7][0x16][0xd1]<[0x8f][0x13][0xd1][0x9c]@[0x10][0xd1][0xa6][0x10][\r][0xd1][0xae]''D[0xfb]oA[0x83][0xe8][0xc9]$[0x1a][0x88]F[0x85][0x0][0x88]vi[0xf3][0x83][\r]m[0xe0][0xbf]H[0x99][0x1f]l{[0xd3]N[0xb1][0xae]j~[0xb0]/[0xe][0xec]n[0xdd][0x1f][0xb7][0xc2]a[0xbb]7l[0xa5]kaV[0xcc][0xaf][0x3][0x8d][0xd3]p0[0x6][0xf0][0x8b]Z[0xc3][0xc0]f~[0xd8][0xc5][0xda][0x98][0xcf]2[0xce]"{[0x96][0xd1]$[0xe6]acQ[0xbf][0x3]f[0xfa][0xde]fy[0xc2][0xbc][0xc5]z~[0x7][0x7][0xb2][0xf9].[0x8a][0xfa][0xbd][0xa0][0xad]V[0x18]([0xeb][0xd8][0xd1]][0xf0][0xad][0xcb][0xb3][0x1b][0xb8][0x13]~[0xf4]-[0xdf][0x16]:[0xbf][0xc5]}[0xba][[0xdc][0x9f][0xc2][0x9d][0xab][0xa7][0xd3][0xe5]b[0xb7][0x85]/^yj[0xe7]v[0xb7][0xb9]O[0xd6][0xc9]v[0x9b]4[0x8f][0x8e][0xb3]N[0xe7]<[0xc][0xce][0x15][0xaf][0xd7][0xf]:AX[0xd9][0xc8][0xa7][0x98][0xcb]9[0x81]u<[0xbf]|[0x83]I[0xa8]l[0xc5][0xcb][0xf3][0x2][0xc5][0xd3][0xae][0x98]f<[0xed]P'[0xc7]+=[0xa6][0xec]I[0x9c]G[\r][0x89][0xe4][0x95]b"[0xca]+u[0xfc]Y^9*[0xc5][0xbc]R[0xcb]U[0xf3]JC[0xdd]9[0xaf]4[0xd8][0x8f][0xe7]iW[0xe3][0x1b][0xf4]J[0xf1][0xa3][0xd7][0xbc]i[0x83][0x9c][0xfd][0xae][0xd4][0x9b][0xed][0xf3]<i|\nv[0x8d][0x1b][0xde].9[0xd4][0xa9]k[0x93][0x1e][0x1a]q6=[0xbc]$F=<[0xed]K[0xf5][0xf0]38[0xb3][0x1e][0x9e][0xe2][0xba][0x1e]^[0xf4][0x0]{x[0x9c]'{xOH{xXb{x[0xd5][0x15][0xf7][0xf0][0x92]L[0xf7][0xe8].[0x9b][0xf7][0xe8],[0xcf][0xf7][0xe8]&[0x1f][0xf8][0xf0][0xae]L[0xf8][0xf0].[0x9f][0xf8][0xf0][0xa6][0xc8][0xf8][0xf0][0xac][0xc][0xf9][0xf0][0xae]L[0xf9][0xac]][0x6][0xf3][0xe1]M[0xa1][0xf3][0xe1]a)[0xf4][0xe1]e/[0xd2][0x87][0xe7]=Q[0x1f]~[0x2][0x99][0xf5]Q]9[0xf6][0xe1]u[0x8e][0xf6][0xe1]5?[0xdc][0x87][0xf7]y[0xde][0x87][0xf7][0x4][0xe0][0x87]G[0x85][0xe2][0x87][0x87]=[0x91][0x1f]~[0x82][0xb7]0?[0xfc]l[0x12][0xf4][0xc3][0xab]"
02:44:38.845 [main] DEBUG org.apache.http.wire -  << "B[0xf5][0xc3][0xc3]4[0xfb][0xc1]>[0xd7]pc7[0xb0]_g[0xd8][0x82][0xad][0xae]M[0xbb][0xe4][0x4]=u[0x8c][0xda]2[0xbb]3[0xc]a[0xa3][0x9c]tu[0xcb][\n]"
02:44:38.845 [main] DEBUG org.apache.http.wire -  << "[0xfb]uO[=%[0x83]px[0x0]3[0x6]m[0xb]`[0xa2]Wks?[0xdb]@[0xb][0xfc][0xd9][0x86][0x93][0xf2][0x87][0xe][0xd6][0xe8][0xef][0x4]~[0x97][0xdd][0xde][0xdd][0x85][0x9d][0x8b]a[0xee][0xd6][0xe1][0xbb][0x85][0xef]a[0x9f][0x9c][0xff][0x91][0x1b][0xbc][0xc3]n[0xd8][0xb][0x82]^[0xc7][0xbe]9[0xf6][0xdd][0x5][0xd8][0xdf]y[0xfb]r\[0xde][0x1c][[0xad]xyEN[0xe2][0xdb][0xc6][0xf7][0xc9]l[0x13]7[0xcd]G[0xda][0x9]0[0x1b][0x9e][0xfb]_[0x0][0xab]u[0xf6][[0xc8]V9[0xe7][0xdf]`[0xab][0x9c]htv[0xce][0xf6][0xbf]</[0xf1][0xbf][0xfd][0xe5]Z[0xf0]o[0x9c][0x9b][0xfc][0xe5][0xf]&[0x9f][0xfd][0xb4][0x80][0xc8][0xfc][0xf2][0x92][0xc][0xfc][0xf2][0x88]G[0xed]+[0x8a]b[0xea][0xcb]C[0xce][0xce][0x97][0x8f]c _>[0xd2][0x93][0xf0][0xed][0xaf][0xc3];[0xef][0x15]e[0xe3]k[0xdf][0x4]|[0xfb]yz[0xc9][0xc3]n[0x1e]o[0x97][0xeb][0xc6]l[0xd1]P[0xb3][0xf9][0xde][0xab]-p[0xbc][0x13][0x9b]~C[0xa9][0x8f]|[0xf8]g[0xe1][0xce]|DK[0xe]}D[0xdc][0x1b][0xf5][0x11][0xe7]p[0xc7]>"[0xc6][0xe6]>[0xa2][0xe9][0x3][0xfc][0x88]<[0x93][0xfc][0x88][0xa2][0x14][0xfd][0x88][0xb4][0x88][0xfd][0x88][0xae]3[0xfc][0x11]-![0xfd]Y[0xca]|[0xfc][0xb3][0x84][0x99][0xfc]g[0xa9][\n]"
02:44:38.845 [main] DEBUG org.apache.http.wire -  << "[0x0][0x90]([0xb][0x9][0x90]([0xb][0x10][0x90][0xa8][0xca][0x18][0x90][0x8][0xb]![0x90]([0xb])[0xd0]^[0xe6]` Q[0x95]r [0x91][0x16][0x83] [0xd1][0xf6]C[0x82][0xc4][0x9]|[0xa1] q[\n]"
02:44:38.845 [main] DEBUG org.apache.http.wire -  << "![0xb][0x92]e[0xf]0H[0xf4]Y4H[0xf4]<[0xe1] q[0x6]&[0xf][0x12]E[0x9][0x10][0x12]Y)[0x11][0x12]i_HH[0x9c][0xe2]M[0x98][0x90]8[0x9f][0x8][\n]"
02:44:38.845 [main] DEBUG org.apache.http.wire -  << "[0x89][0xae][0x94][\n]"
02:44:38.845 [main] DEBUG org.apache.http.wire -  << "[0x89]4[0x89][0x85]j'[0x1c][0xe5][0x85][0xe3]V4[0xc][0x7][0xc3][0xd0][0x84][0x85][0xe5]c:[0xb0][0xa5]v[0xba][0xa3][0xce][0xf1]n9EF[0x1d][0xd2][0xb1][0xdc][0x17]L[0xfc][0xec]d[0xe5]B[0xfc]S[0xad]w[0xf]p[0x8d]s?.*[0x8b][0xef][0xc1][0xdf],[0xb0][0xe8]^[0xba][0xc][0x17]1\C[0xc3][0xf2][0xaa][0x90][0xb0][0x81][0xf4][0xf7]K[0x86][0xaf]'[0xf0][0xa3]',k[0xf6]0Ss[0xf2][0x8a][0xed]h.[0xc6][0x8d][0x1f][0xf3][0xcd][0xb7][0xe1][0xc1]YM[0xbf]][0xcd][0xa6]p[0xd0][0xe8]b[0xc][0x7][0x91][0xeb][0xa0][0xe5][0xd3][0x10]7[0xcd]<[0xb8][0x9c]&[0xf9][0xd8][0xb3]Iw[0xfc]q~[0xf7][0xdb][0xcf][0x9d][0x97][0xdf][0xc6][0xe7]/'[0xb0]WF[0xfa]cx[0xba]i[0xf7]r[0x95],[0xae][0xb2][0xf7][0xd0][0xf4][0xf7][0xec]I[0x8a]p[0xff].[0xac]C[0x19][0xd9]V[0xa2]|[0x19][0x9d][0xfd][0xaa]V[0xa1]l[0x8d][0xb2][0x9d]o[0xf2]O|[0x9d]L[0xb6]W[0xc5]D#[0xa5][0xe][0xa5]=z[0xd6][0xd7][0x8f][0xb3][0x17]X[0xe7]M?[0xc2]J[0x93][0xe9][0xb0][0x1c]&[0xdb][0xfd][0xde][0xa0][0xa5][0xd6] 5[0xdd]^<[0x8a]._[0xee]a[0xa1][0xc9][0xcf]l[0x98][0xcc][0xf3][0x2][0x98],.[0x96]f[0xc9][0xe2]('[0x94][0xcc][0x1e]>6I[0x96][0x87]K@2[0xeb][0x88]82K[0xf8][0xc3][0xc8][0xbc]'[0xa5][0xc8],[0xe3][\n]"
02:44:38.845 [main] DEBUG org.apache.http.wire -  << "[0x91][0xd9](w[0x86][0xcc][0xc6][0xf9]A[0xc8][0xe2][0x1a]|[0x13][0xe4][0xbe][0xab][0xbd][0xa6]+[0x8b]@[0xaa]i[0x84][0xd7][0xea]n[0xe1]w[0x8d][0xf4]_([0x0][0x1d][0x1f][0xe3]i[0xb2][0xde][0xc0]/6[0xab][0xd9][0x1a]n#f[0xce]24[0x9f][0xbe]6=[0x1a][0x86];[0x93][0xa3][0xa9]![0xa6]FS[0xd4][0x17]1[0x9a][0xda][0xce][0xb4]h[0x8a]pI[0xd1][0xd4][0xf2]@[0x89][0xa6],[0x8f][0x10]M%![0x1d][0x9a][0x92][0x12]24[0xf5]\[0xa9][0xd0][0xd4][0x90][0x11]!Vd[0xd3] [0x16][0xe4][0x91] V[0xe3]S[0xa0][0xa9](#@S[0x91]O[0xa6][0x9a][0x88][0xfc]LA[0x19][0xf5][0x99][0x8a]2[0xe2]#[0x8a][0xc][0xda]3[0xd5][0x84][0xa4]gJJ)[0xcf][0xd4][0xf4]Bx[0xa6][0xb0]'[0xba]3[0xa5]edg.[0xca][0xa9][0xce][0xd4][0xe5][0x10][0x9d][0xa9][0xe3][0x87][0xe6]Le[0x1e][0xc9][0x99]J[0x2][0x8a]3[0xe5][0x84][0x4]gJz[0xa2]7S[0xfa]-[0xc8][0xcd]t[0x1e][0x9][0xb5][0x99]zBb3%IZ[0xb][0xe0][0xbe]Y[0xb5][0xf][0xcb][0x18]&[0xe1][0xc1][0xad][0xb3][0x9d][0xd4][0xc4][0xaa][0xb7][0xdf][0xc2]zz[0xfd][0xf4][0x98][0x1e][0x1c]0[0xec][0x98]6a[0xd1][0xf][0x89]R}[0x83][0xb7][0xc7]\[0xa8][0xe0]W[0xb0]T|[0xc9][0xa7][0xc][0xd7]i#5|[0x88]e[0xee][0x1d]>[0x90][0x9c]ug[0x18][0xa6][0xd1][0xd9]a[0xbe]][0x18][0xc0][0x8e][0xc8][0xff][0x1b][0xe8][0xc][0xa6][0x82]=[0xcc][0xd6][0xeb]e[0xbe]kG[0x86][0xf1]zr;{L[0xc0][0xb5][0xd2][0xad][[0xdf][0x9d][0xc0][0x8d][0xc6][0xf1][0xf5][0xbc][0xf4][0x81][0x12]J[0x95]f[0x12][0xee]o[0xb4][0xfd]3[0xd0][0x19]|f[0xde][0xe8],[0x88]B[0xd8][0xa6][0xa4][0xba][0xfa][0xdd][0xd1][0xfd][0xbd][0xdf].[0xcf].[0x9e]Gg[0xb0][0x12][0xde][0xe7][0x1f]J[0x9b][0xb8] jv[0x1b][0xdf][0xcc][0x9a][0xa5]?[0xb3]z[0x99][0x1a]PpY;l!k[0xf1][0x8d]^Fw[0x1f][0x2]8[0x8e][0xb5][0x1b]K[[0x85][0x5]L[0x96]_#[0xad]d[0xf9]ANH[0x96]>Zl#+[0x8d][0x96][0x10]Y[0x9a][0x11][0x9]YZ[0xf0][0x7]dYN[0xea]ci[0xc5][0x95][0xc7][0xd2]A[0xee]:[0x96][0xe][0xf3][0x83]c[0xf9][0x15][0xf8][0xb6][0xb1]4[z][0xea]*[0xf6][0xf7]%[0xcc][0xbe][0xab][0xac][0x9e][0x97][0xfe]m[0xd3]x[0x82]kI[0xef][0xbd]U:[0xee]8'[0xaf]z[0xce][0xda][0x14][0xa6][\r]tF0}[0xb4][0x98][0xbf][0xf4][0x9c]/[0xf8][0xd2][0xab][0xce][0xe4][0xa5][0xf][0xe7]b[0x97]^[0xf1][0xc0]\z[0x90][0x7]\zCH[zL[0x82]Z[0x95]/X|[0xb3][0x81]W[0xc4][0xf5]|y[0xbd][0xa9]n[\r]f[0xda](H[0x1f]-[0x83][0xac][0xe3][0x16][0x9b][0xb0][0x8e]S<[0xbc]:[0xee][0xf0][0xd9]Jo[0xc9][0xc0]Jo[0xf1][0xa9][0xea][0xe8][0x9a][0xd6]7[0xf1][0xb][0xfc][0x9b][0x1]<[0x5][0xca][0xc0][0xe4][0xfe]L[0x90][0xf1]T[0xe5][0xb2][0xb2][0xbf]1[0xaf][0xb3][0xeb][0xca][0x99]*E%[0xf7][0xeb]*[0x8f]N?[0xc9][0x7][0xf8][0xf7]][0xc6]3][0x88]Q[0xc7][0xcf][0xab]j[0xb0]`$[0xf7]O[0xd1][0xb]@[0xe9][0x17][0xe8][0x89][0x9e][0xf4][0xa8][0xc][0x9d][0xaa]-97[0xe9]E[0xe]4[0xe9][0x5]?[0xc4][0xa4]7y[0xb8]d[0xfa]b[0xbe]6[0x17][0xbb][0x7]xI[0xfd][0xe][0xaf][0x82]T[0x86][0xdc][0x9f]hBP[0xaa]<[0xde][0xb3]y[0xb2][0xd9][0xc2]wf[0x9b][0xf2][0x95]i[\n]"
02:44:38.846 [main] DEBUG org.apache.http.wire -  << "[0xe4]~[0x85]o[0x81]H[0xfa]eK[0xf8]H/[0x9][0xe1][0xa8][0xf2]"
02:44:38.846 [main] DEBUG org.apache.http.wire -  << "<IV[0xf3][0xe5][0xf3]C[0xb2][0xd8][0xa6]o[0xe5][0xeb]$[0xde]&[0xd3][0xab]x[0xb]s_[0xc2][0x96][0xda][0x93]7HWck[\r][0xc3]>[0xb2]b[0xdb][0xfe][0x18]X[0xd5][\r][0xb6][0xee]5[0xcc][0xc6]:d[0xb2]C"[0xb][0x19]iWh[0xc3]"[0xd3][0xc1][0x16]&2[\r]![0x81]H[0x1b][0x0][0xf][0xd3][0xed][0xf2]!Y[0xc5]7[0xc9][0xc9]P[0xdb]k[0xf7][0xfb][0xdb]F[0xa1]|+[0xe6][0x9f][0x1][0x87]|[0xce][0xab][\n]"
02:44:38.846 [main] DEBUG org.apache.http.wire -  << "[0x7][0xed][0x16]L[0xac][0xaa]p[0xcc][0x11][0xe]=[0x1a][0x8f][0x9e]>[0x8d][0xbf]<[0xe9]84[0x89]A[0xdf][0xb6][0xa7][0x88][0x11][0xfd]8[0x9b][0xcf][0xe2][0xc5]_f[0x93][0xdb][0xe6][0xf1][0x81]V0:[0x8c][0x86][0xe7][0xa2][0x9a][0xa6][0x16][0xb4][0xda][0x83]~[0x17][[0xff][0xed][0xfc]i[0xf4]r[0x1f]][0xde]][0xa8]IY,=*[0xfa][0x2]@[0xd2][0xae][0x99]f$[0xed]P'L*=[0xac]lR:jH`[0xa9][0x14][0x13][0xf1]R[0xa9][0xe3][0xf][0x99][0xca]Q)5[0x95]Z[0xae][0xe0]T[0x1a][0xea][0xce]N[0xa5][0xc1]~[0xf0]I[0xbb][0x1a][0xdf][0x4]U[0x8a][0x1f][0xbf][0xec]u[0x8f][0xfa]k[0xfa][0xfe]q[0x98][0x9a][0xb5]_[0xfc][0xad][0xf1][0xef]?&[0x8d][0x9f][0xe3][0x9b][0xe5][0x2]^[0xcd][0xae][0x1e]E^@m[0x9c][0xc2]+[0xce]RE[0xa4][0xc4]lE[0xb4]}[0x19][0x16]q[\n]"
02:44:38.846 [main] DEBUG org.apache.http.wire -  << "g[0xd0]"Z\[0xdd]"[0x92][0x1e][0xa8][0x8b][0xa8][0xf3][0xdc][0x8b][0x8][\n]"
02:44:38.846 [main] DEBUG org.apache.http.wire -  << "[0x11][0x8c](KD[0x8c][0xc8][0xba][0xce][0xf6]"R2+[0xb3][0x84][0xd9]pf[0xe9][0xf2][0x14][0xcd][0x12][0xe5][0x93][0x1a][0x11][0x96][0xf9][0x1a][0x11][0xe6]c[0x1b][0x11][0x15]M[0xf]#[0xba]2[0x86]#[0xc2][0xb2][0xc9]b[0xf6]0c[0xce][0x18][0x11][0xad][0xe2][0x9a][0x9a][0xd8][0xe0]@DY:[0x83][0x8c]H{q<[0xa2][0xef][0x9][0xf5][0x88]3[0xc8][0x84][0x8f][0xc][0xcb][0xb9][0x8f][0xc8]s[0xec][0x8f][0xc8][0xf9][0x81]@[0xe2][0x4]<[0x15]$[0x82][0x82][0x99]gDU[0xe8][0x85]D[0xd9][0xd3]<4[0xe2][0xc]o![0x89][0xc4][0xe9]$[0xac]Hd[0x85][0xc6]H[0x94][0xad]s[0xd4][0x82][0xd3][0xa0]3[0xe]`[0x11][0xb8][0x16],[0x17]g[0x9a][0xa3][0x6][0xf3][0xd8][0xf6][0xc7][0x4][0xc3][0xb0]}|[0xfb][0xa7][0x9a][0xea]V>[0xc4][0xb6]E[0x4]~[0xb9]6}[0xb4][0x8e][0xb4]P[0xa4]u<[0xe9][0x92][0xf8]h[0x1c])[0x83][0xde]w[0xb7]W[0xc4][0xff][0xcc][0x82]qA[0xd4][0xeb]t[0x3][0xb5][0x13][0x7][0xb9]Y[0xc4][0xf3]h[0xfc][0x19][0x16][0x8b][0xfb][0x15][0x16]e[0xfb][0xb5]4[0x99]l[0x1d][0xcf][0xe6][0x9b][0x82][0xb][0xd5]O[0xf6][0xa5][0xfb]0[0x17][0xb7][0xc9][0xc3]f[0x9e]<7[0xab][0x7]Y[0xa5][0xb0][0x18][0x99];a[0x18][0x5][0xdd][0x1]l[0x88]a[0xba][0x19][0xf3][0xa2]5[0x1a][0xc3][\r][0xa2]O[0xe9][0xc]7[0x96][0x12]fu[0x81][0x11][0x96][0xae][0x96][0x16][0xc2][0xd2][0x81]N>[0xb8] [0xd9]:X)Hlp[0x9f][0x12][0xc9][0xe0][0xbe][0xe2][0xcf][0x5][0xf]I[0xa9][\n]"
02:44:38.846 [main] DEBUG org.apache.http.wire -  << "[0xee]K[0xae]&[0xb8][0x1f][0xe8].[0x82][0xfb][0xa1]~<[0xb0]t%[0xbe]5[0xf0][0x90][0xae][0xbc][0xf6]u[0x9][0xac][0xbe][0xe8]][0xcd][0xf]=Mm[0xef]3[0x17][0x9c][0xad][0xf][0xc9][0x88][0x9d][0xf][0xe9][0xfa]2>$[0xef][0xec]{H[0x87]k{H[0xce][0x83][0xeb]!e[0x9e][0xe9]!1[0xa1][0xe7]!U[0x89][0xe5]!IW[0xc7]C22[0xc3]#[0xa2]l[0xbf]#[0x9a]<[0xbb]#[0x82]|[0xb7]C[0xa2]2[0xb3]C[0xa2]|[0xaf]C[0x82]"[0xab]C[0x9a]2[0xa7]C[0xa2]2[0xa3][0xa3][0xa3][0xc][0x9f]C[0x82]B[0x9b]C[0xaa]R[0x97]C[0xb2]^L[0xe]i{[0xf2]8[0xa4].[0xb3]84*w8$[0xcd]18$[0xe5][0xc7][0xdf][0x90]8[0xcf][0xde][0x90][0x98][0xc0][0xdd][0x90][0xa2][0xd0][0xdc][0x90][0xaa]'oC[0xea]oam[0xc8][0xa9]$[0xce][0x86]$[0x85][0xc6][0x86]Ti_[0x1b][0xa8]}[0x16][0x82][0xf6][0xb8][0xd5][0x1e]FQ>Y[0xaf]r[0xf][0xa8]Z^[\r][0xb6]`[0xed][0x8c][j6[0x1f][0xac][0xc2]f[0xf0]5[0xc8][0x80][0xaf]A[0xa6][0xa5]n[0x13][0xcd][0x8]N[0xfd]SI[0xb6]P[0x16][0xfc]J[0xbf][0x7][0xd4]|[0xa9]6[#GY\[0x8d][0x1c]K[0x9a][0x9a]y$[0xee]i[0xb0]A[0xc0][0xe1][0xef][0xf9][0xe2][0xa6]I[0xb8]I[0xb1]X[0xcf][0xab][0xf4][0xa1][0xe2][0x1b][0xc][0x98][[0xa9][0x16][0xf9]V[0xcd]x[0xb3]_[0x3]l[0xbb][0xde][0xc1]-[0x99][0xea]#[0xab][0xf5][0xf2][0xe][0x16][0xdd][0x82]u[0xc2][0xe][0x1f];[0xbc]{[0x94]>[0xf8]4[0xbb][0x9f][0x95][0xf]Rs[0x12]aT~wg[0xf6][0xf3][0xdd]d[0xb9][[0xc0]lN0[0xb0]7[0xb8]!4[0x9b][0xfe][0x98][0x9e][0xc8][0xb2][0xa8][0x19]<"[0xd3][0xe4]k[0xbc][0x9b]o[0xaf][0xb2][0xef][0xd2][0xd5][\n]"
02:44:38.846 [main] DEBUG org.apache.http.wire -  << "l[0xf1]f[0x9b][0xac][0xe1]a[0xd8]L[0x96]k[0x98]L[0x19][0xbc]o[0xfd][0xfe][0xee]5[0x9d][0xd1][0x6][0x92][0xd6]k[0xf7][0xfa][0xb0]P[0x1d][0x89]i[0xc1][0xe5][0xdd]y{[0xf4]2[0x89]>iwf[0xa6][0xcb][0x1a]as[0xef]6[0xf1]M[0xbc]^[0xc1]4[0xd7]y[0xbf][0xdd][0x8f][0x9a]G[0xc7]ZQM[0xf][0xe4][0xb4][0x16][0xb4][0x82]n[0xd0][0xed]W[0xb6][0x8a]-[0xb6]`[0x85])xJ[0xfc][0xee]n[0xd4][0x17][0x9d][0x85]kE_[0xc0]kG[0xd7]M#[0xdb][0xd1][0xe1]N[0xd4]Vy[0x94][0xd9][0xe0]f[0xec]H[0xd8][0xad][0x12][0x14][0xe1][[0xf5][0xa9][0xb4][0x85]I[[0xc9][0xf4][0xb5][0xb9]|Z[0xc0]|[0xf9][0xd7][0xf4]6J5m[0xbe]|/[0x89]e[0xfa][0xfc]n[0x3]7[0xaf]4[0xab]a)[0xc4]Uz[0xae][0x1c]W[0x19][0xee][0x8e]r[0x95][0x80][0x1f][0x9a];[0xba]*[0xdf]@W[0xfd]*T[0xdf]Ut[0xa7][0xfb])[0xb9][0xde][0xcd][0xe6][0xdb][0xea]M[0xa4][0xbb][\r]<[[0xd3]M[0x1d][0x1a][0xf1]b[0x9a]m[0xe2][0xfa][0xe3][0xc][0xde][0x3][0xd7][0xcf][\r]xj[0xb8]j[0x9e][0xed][0x9a]j[0xa3][0x1e][0x19]r[0xb6]=[0xba]&&>:[0xef]K[0xfa][0xe8][0xb3]8[0x83][0x1f][0x9d][0xe3][0xba][0x1f]][0xf5][0xc0][0xf4][0x9]x[\n]"
02:44:38.846 [main] DEBUG org.apache.http.wire -  << "H7[0x85][0x18]H[0xc7]%&H[0x97]]i[0x90][0xae][0xc9][0x84][0xd0][0xde]fC[0xa1]=[0xcd][0xf3]B{[0x97][0xcf][0x86]t[[0xa6][0x87]t[0x9b][0x8f][0x88]tWd[0x89]tZF[0x8a]t[&[0x8b][0xb5][0xda][0xc]`[0xa4][0xbb]Bg[0xa4][0xe3]Rn[0xa4][0xeb]^[0xd4][0x91]>[0x85]'|[0xa4]O"3H[[N[0x91][0xf4][0x19]8"I[0x17][0xfd][0xc0]$}[0xe][0x9e]O[0xd2]M[0x1]S[0xd2]a[0xa1]V[0xd2]qOhI[0x9f][0xe4]-[0xec][0x92]>[0xa3][0x84]0[0xe9][0xb2]P2[0xe9]8[\r][0x9a][0xb0]+l[0xa4]$RM[0x18][0x1c][0xc][0xdb][0xc6][0x9][0x83][0xa5]c:[0xc5][0xa4][0xc2][0xe3][0xcd]e[0x8b][0x8c]:[0xc4][0xb6][0xb9],y[0xc5]6[0xd7][0xac]3[0xd8][0xc2]"
02:44:38.858 [main] DEBUG org.apache.http.wire -  << "[0x9b]u[0x12][0xa4]r[0x92][0x1][0x14];[0x8d][0xd6]Y[0xda][0xbb][0xa0][0xbc]f\[0xbc][0xb8][0xd9][0xa5][0xb7]H[0xd6][0x9][0x8f][0x88][0x8b]u[0xb6][0xa3][0xa8][0xdd][0x3]>[0xb4]X[0xe7][0xcb][0xe5][0xd9][0xe7][0x97][0xcb][0x97][0xf][0xdf].o[0xca][0xab][0xd0][0xfd][0xb8]\.n[0xfe][0x12]O[0xee][0x93][0xc5]TyBi[0xde][0xe0]M|[0xbd][0x84]%[0xac]f[0xcb]f[0xe5] +q[0xee]G[0x16][0xba][0x19][0xf4][0xfb]A[0xa7]U[0xb9][0xc4][0xbd]n~[0xfb]tv[0x3][0xf3][0x19]?[0x84]l[0xdd][0xcc][0xfb][0x2][0xdd],_2[\r][0x9b][0xe5]#[0x9d]L[0xf3][0xf0]x[0xb2]9[0xb3][0x9a][0x90]H[0xe6][0xa1]%B[0xcc]C[0xc6][0xdf][0x14][0xc2]RSJ[0x97][0x87][0x94][0xab]Z[0x1e]F[0xba][0x83][0xe5]a[0xac][0x1f][0xab],_[0x8b]o[0xa6]<[0xb4]+/s[0xdd]'[0xf3][0xf7][0x88][0xc6][0xf2]kc{[0x9b]4[0xd2]c[0x1b][0xcf][0xfe][0xa9][0xa9][0x11]o[0x1b]g3[0xf8][0xd9]$[0x9e]7[0x8a]Mi[0x19]8[0x89]^Im[0x95]4[0x17][0x9c]9[0x12][0xc9][0x88][0x1d][0x12][0xe9][0xfa][0x2]H$[0xef],[0x8f]H[0x87]K[0x8e]H[0xce][0x83]5"e[0x1e]2"1[0xa1]."U[0x9]+"IWOD22H$[0xa2]lA$[0x9a]<:$[0x82]|3D[0xa2]2,D[0xa2]|%D[0x82]"[0x1e]D[0x9a]2[0x17]D[0xa2]2[0x10][0xa4][0xa3][0xc][0x9]D[0x82]B[0x2]D[0xaa]R[0xfb]C[0xb2]^[0xd0][0xf]i{[0xd2]>[0xa4].c>4*[0xf7]=$[0xcd][0x81]=$[0xe5]G[0xf4][0x90]8[0x8f][0xf2][0x90][0x98][0xc0][0xf0][0x90][0xa2][0x10][0xef][0x90][0xaa]'[0xb5]C[0xea]o[0xc1]u[0xc8][0xa9]$N[0x87]$[0x85]@[0x87]Ti[0x99][0x83]{p[0xa3][0xd3][0x10][0xe6][0x8]v[0x87]j[0xb6]aJj[0xd5][0xed]&[0x8a]c@[0xef][0x82][0x16][0xfc]g[0x98]j[0xb8][0xcf]t[0x86]Q[0x18][0x84][0x96][0xb5][0x3][0xcd][0x97]j#9r[0x94][0xc5][0xe2][0xc8][0xb1]$[0xc2][0x99]G[0xa2][0xfa][0x16]Fjz[0xd9][0xf1]dC[0xe][0xc0][0xe5]S[0x4][0xff]Yg[0x1b][0xba][0xb]\[0xaf][0x15][0xb6]a[0x8e]"9[0xdb]P[0x9]\{tv[0xf1]2[0xd2]f[0x1b][0x12][0x2][0x7]?[0xc8][0xac]g[0xdb][0xe5]&^8[0x13][0xdc]ahnpa[0x14][0xb5][0xfa][0xd5][0xe5][0x8][0xb][0x82][0xbb]h][0x9e]}[0x88]Fg_[0x4]w[0xef][0xa6]y[0x81][0xc0]iWL[0x13][0x9c]v[0xa8][0x93][0xc1][0x95][0x1e]Q6[0xc2][0x1d]5$[\n]"
02:44:38.858 [main] DEBUG org.apache.http.wire -  << "W[0x8a][0x89][0x18][0xae][0xd4][0xf1][0xe7]p[0xe5][0xa8][0x14][0xe2]J-W[0x89]+[\r]u[0xa7][0xb8][0xd2]`[0xf8]%[0xac]S[0xfb][0xda]L[0xfd]z[0xf2][0xac][0xa6]V[0xc2][0xee][0xc4][0x89][0xda][0xd3][0xe6]*[0xfb]3z[0xe5][0xdf]lr[0xa5]v5[0xbe]1[0xae][0x14][0xff][0xa3]5[0xe][0xbf][0x94][0xda][0x1c][0x87]$[0x9c]=[0xe][0xeb][0x88]A[0xe][0xb][0xfb][0x12]9[0xac][0xef]LrX[0x88]krX[0xcf][0x3][0xca]ai[0xf8]x[0xb6]J[0xf4]^[0xd4][0xe8]W[[0xfa]RW{[0xc2][0x98][0xfe][\n]"
02:44:38.858 [main] DEBUG org.apache.http.wire -  << "l[\n]"
02:44:38.858 [main] DEBUG org.apache.http.wire -  << "Y[0xe][0xcb]J\[0xe]k[0xba][0xc2][0x1c][0xd6][0x91][0xc9][0x1c]Ue[0xd3][0x1c][0x15][0xe5][0xd9][0x1c]U[0xe4][0xe3][0x1c]V[0x95][0xe9][0x1c]V[0xe5][0xf3][0x1c]V[0x14][0xf9][0x1c][0x16][0x95][0x1][0x1d]V[0x95][0x9][0x9d][0xa5][0xca] :[0xac](4:,+E:[0xac][0xeb]E[0xe9][0xb0][0xb8]'[0xa6][0xc3][0xf2]2[0xa7][0xc3][0xab]r[0xa8][0xc3][0xda][0x1c][0xa9][0xc3]Z~[0xa8][0xe][0xab][0xf3][0xac][0xe][0xab][0x9][0xb0][0xe]K[\n]"
02:44:38.858 [main] DEBUG org.apache.http.wire -  << "[0xb5][0xe][0xcb]z[0xe2]:,[0xff][0x16]^[0x87][0x9d]K[0x2]vXS(vX[0xb6][0x1e][0xd9]e[0x1c][0x17][0xa6][yPd[0x17][0xe][[0x14][0xd9][0xa9]L0[0xec][0xa4]s[0xf2][0xe0]m[0x15][0xbb];[0x18][0xb9]V[0x9b][0xd9][0xd1][0xc3],hG[0xf]&[0xd5][0xe][0x19][0x8a][0xb2]][0x10][0x80]F[0xf9]Q[0xbb][0xb7][0xbd]E[0xf8]m[0xf6][0x8c][0xd5]n[0x11][0xf6][0xb9]yk[0x18][0x6]a[0xaf][0x3][0xb][0xda]Y[0xd4][0xee]ytw[0xfe]|[0xf9][0xf2][0x5]n[0xbf][0xbd]/-[0xb8][0x17][0xcf]g[0xc9]bs[\n]"
02:44:38.858 [main] DEBUG org.apache.http.wire -  << "[0xf7][0xe4][0x9d]N[0xe2]t[0xf3][0x9b][0xf2][0xd4][0xb9][0x9f]o[0x93]ur[0xb1][0xf9][0xa5]y|[0x98]u[0xf2]\16w[0xbb]v[0xab][0xdb][0xee][0x7]=l[[0xd7][0xa7][0xcb][0xbb]Q4[0x1a]O[0xf8][[0xbb][0xe6]}[0x81][0xdc][0x95][0xae][0x98]v[0xbb][0xd2][0x81]Nj[0xb7]8[0xd9]fW)H[0xc4]n[0x9f][0x12]y[0xdd][0xbe][0xe2]O[0xeb][0xe]I[0xa9][0xd5][0xed]K[0xae]R[0xb7][0x1f][0xe8][0xee]t[0xfb][0xa1][0xf0][0x6][0xe9]A[0xe9]JW[0xe2][0xdb][0xe8][0xf6][0xe9][0xe3][0x17][0xb7]>e.][0x1b][0xe0][0xb0][0x7]G[0xb6][0x1f],[0xe0]Y[0x3][0x96]-x[0x98]-[0xe2][0xf9][0xbb]Fv[0xcf]ov[0x93][0xef]Z[0xdd][0xe4][0xb]O[0x87][0xc5]4^O[0x1b][0xf3][0xec]&_[0xf5][0xc6][0xe2][0xb8]k,q}[0xb5][0xe5][0xe]k8[0xd3][0x1d][0x1a][0x12][0xdb][0x1d]Z[0xf6][0x85]w[0xe8][0x9][0x9c][0xf5][0xe]-q[0xf9][0xe][\r]z[0xf0];[0xb4][0x9d][0xbd]0[0xe1][0x9][0xe9][0x4]xhN(xhWBxh[0xd4][0xd5][0xf0][0xd0][0x90][0xc][0xf1][0xc8],[[0xf1][0xc8]*[0x8f][0xf1][0xc8]$[0xdf][0xf1][0xd0][0xac][0xc][0xf2][0xd0],_[0xf2][0xd0][0xa4][0x88][0xf2][0xd0][0xaa][0xcc][0xf2][0xd0][0xac][0xc][0xf3]lY[0x86][0xe6][0xa1]I![0xe7][0xa1]][0xa9][0xe7][0xa1]a/[0xa0][0x87][0xd6]=[0x89][0x1e][0xda][0x97][0x91][0x1e][0x91][0x95][0x9b][0x1e][0x1a][0xe7][0xa0][0x1e][0x1a][0xf3][0xa3]zh[0x9e][0xc7]zhN[0xe0]zhS[0x8]{h[0xd7][0x93][0xec][0xa1][0xfd][0xb7][0xa0]=[0xf4]d[0x12][0xdb]C[0xa3]B[0xdc]C[0xbb][0xb4][0xee]e[0x8b][0xf6][0x85][0xea]V[0xd9]v4[0xec][0xa4]rW[0xd5][0xbd][0xd2]1[0x11][0xd0]][0xc7]0![0xaf]rH[0xba][0xfd][0x6][0xa1]{[0xd8][0xc5][0xda]x[0xcf]2[0xce][0xe2]{[0x96][0xd1]$[0xf0]acQ[0xe1][0xfb][0xd7]m[0xb1][0xe9][0x8f][0xb8][0xb6]%[0x0][0xeb]N[0xca][0xfb][0xff][0xbf][0xff]7[0xef].U-$S[0x2][0x0]"
02:44:38.858 [main] DEBUG io.restassured.internal.RequestSpecificationImpl$RestAssuredHttpBuilder - Parsed data to instance of: class org.apache.http.conn.EofSensorInputStream
02:44:38.859 [main] DEBUG org.apache.http.impl.conn.BasicClientConnectionManager - Releasing connection org.apache.http.impl.conn.ManagedClientConnectionImpl@47fbc56
02:44:38.859 [main] DEBUG org.apache.http.impl.conn.BasicClientConnectionManager - Connection can be kept alive indefinitely
HTTP/1.1 200 OK
Server: GitHub.com
Date: Tue, 16 Feb 2021 02:44:38 GMT
Content-Type: application/json; charset=utf-8
Cache-Control: no-cache
Vary: Accept, Accept-Encoding, Accept, X-Requested-With
X-GitHub-Media-Type: github.v3; format=json
Link: <https://api.github.com/search/repositories?q=invaders%2Blanguage%3Aruby&page=2>; rel="next", <https://api.github.com/search/repositories?q=invaders%2Blanguage%3Aruby&page=2>; rel="last"
Access-Control-Expose-Headers: ETag, Link, Location, Retry-After, X-GitHub-OTP, X-RateLimit-Limit, X-RateLimit-Remaining, X-RateLimit-Used, X-RateLimit-Reset, X-OAuth-Scopes, X-Accepted-OAuth-Scopes, X-Poll-Interval, X-GitHub-Media-Type, Deprecation, Sunset
Access-Control-Allow-Origin: *
Strict-Transport-Security: max-age=31536000; includeSubdomains; preload
X-Frame-Options: deny
X-Content-Type-Options: nosniff
X-XSS-Protection: 1; mode=block
Referrer-Policy: origin-when-cross-origin, strict-origin-when-cross-origin
Content-Security-Policy: default-src 'none'
Content-Encoding: gzip
X-RateLimit-Limit: 10
X-RateLimit-Remaining: 5
X-RateLimit-Reset: 1613443531
x-ratelimit-used: 5
Accept-Ranges: bytes
Content-Length: 13682
X-GitHub-Request-Id: DD20:43F2:904CFD0:9F4248B:602B3195

{
    "total_count": 49,
    "incomplete_results": false,
    "items": [
        {
            "id": 19592491,
            "node_id": "MDEwOlJlcG9zaXRvcnkxOTU5MjQ5MQ==",
            "name": "space-invaders.rb",
            "full_name": "DamirSvrtan/space-invaders.rb",
            "private": false,
            "owner": {
                "login": "DamirSvrtan",
                "id": 1437202,
                "node_id": "MDQ6VXNlcjE0MzcyMDI=",
                "avatar_url": "https://avatars.githubusercontent.com/u/1437202?v=4",
                "gravatar_id": "",
                "url": "https://api.github.com/users/DamirSvrtan",
                "html_url": "https://github.com/DamirSvrtan",
                "followers_url": "https://api.github.com/users/DamirSvrtan/followers",
                "following_url": "https://api.github.com/users/DamirSvrtan/following{/other_user}",
                "gists_url": "https://api.github.com/users/DamirSvrtan/gists{/gist_id}",
                "starred_url": "https://api.github.com/users/DamirSvrtan/starred{/owner}{/repo}",
                "subscriptions_url": "https://api.github.com/users/DamirSvrtan/subscriptions",
                "organizations_url": "https://api.github.com/users/DamirSvrtan/orgs",
                "repos_url": "https://api.github.com/users/DamirSvrtan/repos",
                "events_url": "https://api.github.com/users/DamirSvrtan/events{/privacy}",
                "received_events_url": "https://api.github.com/users/DamirSvrtan/received_events",
                "type": "User",
                "site_admin": false
            },
            "html_url": "https://github.com/DamirSvrtan/space-invaders.rb",
            "description": ":space_invader:  Space Invaders written in Ruby w/ Gosu",
            "fork": false,
            "url": "https://api.github.com/repos/DamirSvrtan/space-invaders.rb",
            "forks_url": "https://api.github.com/repos/DamirSvrtan/space-invaders.rb/forks",
            "keys_url": "https://api.github.com/repos/DamirSvrtan/space-invaders.rb/keys{/key_id}",
            "collaborators_url": "https://api.github.com/repos/DamirSvrtan/space-invaders.rb/collaborators{/collaborator}",
            "teams_url": "https://api.github.com/repos/DamirSvrtan/space-invaders.rb/teams",
            "hooks_url": "https://api.github.com/repos/DamirSvrtan/space-invaders.rb/hooks",
            "issue_events_url": "https://api.github.com/repos/DamirSvrtan/space-invaders.rb/issues/events{/number}",
            "events_url": "https://api.github.com/repos/DamirSvrtan/space-invaders.rb/events",
            "assignees_url": "https://api.github.com/repos/DamirSvrtan/space-invaders.rb/assignees{/user}",
            "branches_url": "https://api.github.com/repos/DamirSvrtan/space-invaders.rb/branches{/branch}",
            "tags_url": "https://api.github.com/repos/DamirSvrtan/space-invaders.rb/tags",
            "blobs_url": "https://api.github.com/repos/DamirSvrtan/space-invaders.rb/git/blobs{/sha}",
            "git_tags_url": "https://api.github.com/repos/DamirSvrtan/space-invaders.rb/git/tags{/sha}",
            "git_refs_url": "https://api.github.com/repos/DamirSvrtan/space-invaders.rb/git/refs{/sha}",
            "trees_url": "https://api.github.com/repos/DamirSvrtan/space-invaders.rb/git/trees{/sha}",
            "statuses_url": "https://api.github.com/repos/DamirSvrtan/space-invaders.rb/statuses/{sha}",
            "languages_url": "https://api.github.com/repos/DamirSvrtan/space-invaders.rb/languages",
            "stargazers_url": "https://api.github.com/repos/DamirSvrtan/space-invaders.rb/stargazers",
            "contributors_url": "https://api.github.com/repos/DamirSvrtan/space-invaders.rb/contributors",
            "subscribers_url": "https://api.github.com/repos/DamirSvrtan/space-invaders.rb/subscribers",
            "subscription_url": "https://api.github.com/repos/DamirSvrtan/space-invaders.rb/subscription",
            "commits_url": "https://api.github.com/repos/DamirSvrtan/space-invaders.rb/commits{/sha}",
            "git_commits_url": "https://api.github.com/repos/DamirSvrtan/space-invaders.rb/git/commits{/sha}",
            "comments_url": "https://api.github.com/repos/DamirSvrtan/space-invaders.rb/comments{/number}",
            "issue_comment_url": "https://api.github.com/repos/DamirSvrtan/space-invaders.rb/issues/comments{/number}",
            "contents_url": "https://api.github.com/repos/DamirSvrtan/space-invaders.rb/contents/{+path}",
            "compare_url": "https://api.github.com/repos/DamirSvrtan/space-invaders.rb/compare/{base}...{head}",
            "merges_url": "https://api.github.com/repos/DamirSvrtan/space-invaders.rb/merges",
            "archive_url": "https://api.github.com/repos/DamirSvrtan/space-invaders.rb/{archive_format}{/ref}",
            "downloads_url": "https://api.github.com/repos/DamirSvrtan/space-invaders.rb/downloads",
            "issues_url": "https://api.github.com/repos/DamirSvrtan/space-invaders.rb/issues{/number}",
            "pulls_url": "https://api.github.com/repos/DamirSvrtan/space-invaders.rb/pulls{/number}",
            "milestones_url": "https://api.github.com/repos/DamirSvrtan/space-invaders.rb/milestones{/number}",
            "notifications_url": "https://api.github.com/repos/DamirSvrtan/space-invaders.rb/notifications{?since,all,participating}",
            "labels_url": "https://api.github.com/repos/DamirSvrtan/space-invaders.rb/labels{/name}",
            "releases_url": "https://api.github.com/repos/DamirSvrtan/space-invaders.rb/releases{/id}",
            "deployments_url": "https://api.github.com/repos/DamirSvrtan/space-invaders.rb/deployments",
            "created_at": "2014-05-08T23:30:22Z",
            "updated_at": "2021-01-22T19:31:09Z",
            "pushed_at": "2014-09-18T18:58:08Z",
            "git_url": "git://github.com/DamirSvrtan/space-invaders.rb.git",
            "ssh_url": "git@github.com:DamirSvrtan/space-invaders.rb.git",
            "clone_url": "https://github.com/DamirSvrtan/space-invaders.rb.git",
            "svn_url": "https://github.com/DamirSvrtan/space-invaders.rb",
            "homepage": "",
            "size": 613,
            "stargazers_count": 115,
            "watchers_count": 115,
            "language": "Ruby",
            "has_issues": true,
            "has_projects": true,
            "has_downloads": true,
            "has_wiki": true,
            "has_pages": false,
            "forks_count": 14,
            "mirror_url": null,
            "archived": false,
            "disabled": false,
            "open_issues_count": 1,
            "license": {
                "key": "mit",
                "name": "MIT License",
                "spdx_id": "MIT",
                "url": "https://api.github.com/licenses/mit",
                "node_id": "MDc6TGljZW5zZTEz"
            },
            "forks": 14,
            "open_issues": 1,
            "watchers": 115,
            "default_branch": "master",
            "score": 1.0
        },
        {
            "id": 159951113,
            "node_id": "MDEwOlJlcG9zaXRvcnkxNTk5NTExMTM=",
            "name": "Space_Invaders_Remastered",
            "full_name": "HRCK0/Space_Invaders_Remastered",
            "private": false,
            "owner": {
                "login": "HRCK0",
                "id": 43022909,
                "node_id": "MDQ6VXNlcjQzMDIyOTA5",
                "avatar_url": "https://avatars.githubusercontent.com/u/43022909?v=4",
                "gravatar_id": "",
                "url": "https://api.github.com/users/HRCK0",
                "html_url": "https://github.com/HRCK0",
                "followers_url": "https://api.github.com/users/HRCK0/followers",
                "following_url": "https://api.github.com/users/HRCK0/following{/other_user}",
                "gists_url": "https://api.github.com/users/HRCK0/gists{/gist_id}",
                "starred_url": "https://api.github.com/users/HRCK0/starred{/owner}{/repo}",
                "subscriptions_url": "https://api.github.com/users/HRCK0/subscriptions",
                "organizations_url": "https://api.github.com/users/HRCK0/orgs",
                "repos_url": "https://api.github.com/users/HRCK0/repos",
                "events_url": "https://api.github.com/users/HRCK0/events{/privacy}",
                "received_events_url": "https://api.github.com/users/HRCK0/received_events",
                "type": "User",
                "site_admin": false
            },
            "html_url": "https://github.com/HRCK0/Space_Invaders_Remastered",
            "description": "Space Invaders Remastered",
            "fork": false,
            "url": "https://api.github.com/repos/HRCK0/Space_Invaders_Remastered",
            "forks_url": "https://api.github.com/repos/HRCK0/Space_Invaders_Remastered/forks",
            "keys_url": "https://api.github.com/repos/HRCK0/Space_Invaders_Remastered/keys{/key_id}",
            "collaborators_url": "https://api.github.com/repos/HRCK0/Space_Invaders_Remastered/collaborators{/collaborator}",
            "teams_url": "https://api.github.com/repos/HRCK0/Space_Invaders_Remastered/teams",
            "hooks_url": "https://api.github.com/repos/HRCK0/Space_Invaders_Remastered/hooks",
            "issue_events_url": "https://api.github.com/repos/HRCK0/Space_Invaders_Remastered/issues/events{/number}",
            "events_url": "https://api.github.com/repos/HRCK0/Space_Invaders_Remastered/events",
            "assignees_url": "https://api.github.com/repos/HRCK0/Space_Invaders_Remastered/assignees{/user}",
            "branches_url": "https://api.github.com/repos/HRCK0/Space_Invaders_Remastered/branches{/branch}",
[...]
            "size": 3,
            "stargazers_count": 0,
            "watchers_count": 0,
            "language": "Ruby",
            "has_issues": true,
            "has_projects": true,
            "has_downloads": true,
            "has_wiki": true,
            "has_pages": false,
            "forks_count": 0,
            "mirror_url": null,
            "archived": false,
            "disabled": false,
            "open_issues_count": 0,
            "license": null,
            "forks": 0,
            "open_issues": 0,
            "watchers": 0,
            "default_branch": "master",
            "score": 1.0
        },
        {
            "id": 34437016,
            "node_id": "MDEwOlJlcG9zaXRvcnkzNDQzNzAxNg==",
            "name": "LoongBackend",
            "full_name": "gabolonio/LoongBackend",
            "private": false,
            "owner": {
                "login": "gabolonio",
                "id": 11881506,
                "node_id": "MDQ6VXNlcjExODgxNTA2",
                "avatar_url": "https://avatars.githubusercontent.com/u/11881506?v=4",
                "gravatar_id": "",
                "url": "https://api.github.com/users/gabolonio",
                "html_url": "https://github.com/gabolonio",
                "followers_url": "https://api.github.com/users/gabolonio/followers",
                "following_url": "https://api.github.com/users/gabolonio/following{/other_user}",
                "gists_url": "https://api.github.com/users/gabolonio/gists{/gist_id}",
                "starred_url": "https://api.github.com/users/gabolonio/starred{/owner}{/repo}",
                "subscriptions_url": "https://api.github.com/users/gabolonio/subscriptions",
                "organizations_url": "https://api.github.com/users/gabolonio/orgs",
                "repos_url": "https://api.github.com/users/gabolonio/repos",
                "events_url": "https://api.github.com/users/gabolonio/events{/privacy}",
                "received_events_url": "https://api.github.com/users/gabolonio/received_events",
                "type": "User",
                "site_admin": false
            },
            "html_url": "https://github.com/gabolonio/LoongBackend",
            "description": "Backend of the Loong Project at Digital Invaders",
            "fork": false,
            "url": "https://api.github.com/repos/gabolonio/LoongBackend",
            "forks_url": "https://api.github.com/repos/gabolonio/LoongBackend/forks",
            "keys_url": "https://api.github.com/repos/gabolonio/LoongBackend/keys{/key_id}",
            "collaborators_url": "https://api.github.com/repos/gabolonio/LoongBackend/collaborators{/collaborator}",
            "teams_url": "https://api.github.com/repos/gabolonio/LoongBackend/teams",
            "hooks_url": "https://api.github.com/repos/gabolonio/LoongBackend/hooks",
            "issue_events_url": "https://api.github.com/repos/gabolonio/LoongBackend/issues/events{/number}",
            "events_url": "https://api.github.com/repos/gabolonio/LoongBackend/events",
            "assignees_url": "https://api.github.com/repos/gabolonio/LoongBackend/assignees{/user}",
            "branches_url": "https://api.github.com/repos/gabolonio/LoongBackend/branches{/branch}",
            "tags_url": "https://api.github.com/repos/gabolonio/LoongBackend/tags",
            "blobs_url": "https://api.github.com/repos/gabolonio/LoongBackend/git/blobs{/sha}",
            "git_tags_url": "https://api.github.com/repos/gabolonio/LoongBackend/git/tags{/sha}",
            "git_refs_url": "https://api.github.com/repos/gabolonio/LoongBackend/git/refs{/sha}",
            "trees_url": "https://api.github.com/repos/gabolonio/LoongBackend/git/trees{/sha}",
            "statuses_url": "https://api.github.com/repos/gabolonio/LoongBackend/statuses/{sha}",
            "languages_url": "https://api.github.com/repos/gabolonio/LoongBackend/languages",
            "stargazers_url": "https://api.github.com/repos/gabolonio/LoongBackend/stargazers",
            "contributors_url": "https://api.github.com/repos/gabolonio/LoongBackend/contributors",
            "subscribers_url": "https://api.github.com/repos/gabolonio/LoongBackend/subscribers",
            "subscription_url": "https://api.github.com/repos/gabolonio/LoongBackend/subscription",
            "commits_url": "https://api.github.com/repos/gabolonio/LoongBackend/commits{/sha}",
            "git_commits_url": "https://api.github.com/repos/gabolonio/LoongBackend/git/commits{/sha}",
            "comments_url": "https://api.github.com/repos/gabolonio/LoongBackend/comments{/number}",
            "issue_comment_url": "https://api.github.com/repos/gabolonio/LoongBackend/issues/comments{/number}",
            "contents_url": "https://api.github.com/repos/gabolonio/LoongBackend/contents/{+path}",
            "compare_url": "https://api.github.com/repos/gabolonio/LoongBackend/compare/{base}...{head}",
            "merges_url": "https://api.github.com/repos/gabolonio/LoongBackend/merges",
            "archive_url": "https://api.github.com/repos/gabolonio/LoongBackend/{archive_format}{/ref}",
            "downloads_url": "https://api.github.com/repos/gabolonio/LoongBackend/downloads",
            "issues_url": "https://api.github.com/repos/gabolonio/LoongBackend/issues{/number}",
            "pulls_url": "https://api.github.com/repos/gabolonio/LoongBackend/pulls{/number}",
            "milestones_url": "https://api.github.com/repos/gabolonio/LoongBackend/milestones{/number}",
            "notifications_url": "https://api.github.com/repos/gabolonio/LoongBackend/notifications{?since,all,participating}",
            "labels_url": "https://api.github.com/repos/gabolonio/LoongBackend/labels{/name}",
            "releases_url": "https://api.github.com/repos/gabolonio/LoongBackend/releases{/id}",
            "deployments_url": "https://api.github.com/repos/gabolonio/LoongBackend/deployments",
            "created_at": "2015-04-23T06:03:47Z",
            "updated_at": "2015-04-23T17:10:10Z",
            "pushed_at": "2015-04-23T05:48:12Z",
            "git_url": "git://github.com/gabolonio/LoongBackend.git",
            "ssh_url": "git@github.com:gabolonio/LoongBackend.git",
            "clone_url": "https://github.com/gabolonio/LoongBackend.git",
            "svn_url": "https://github.com/gabolonio/LoongBackend",
            "homepage": null,
            "size": 2482,
            "stargazers_count": 0,
            "watchers_count": 0,
            "language": "Ruby",
            "has_issues": false,
            "has_projects": true,
            "has_downloads": true,
            "has_wiki": true,
            "has_pages": false,
            "forks_count": 0,
            "mirror_url": null,
            "archived": false,
            "disabled": false,
            "open_issues_count": 0,
            "license": null,
            "forks": 0,
            "open_issues": 0,
            "watchers": 0,
            "default_branch": "master",
            "score": 1.0
        },
        {
            "id": 34470231,
            "node_id": "MDEwOlJlcG9zaXRvcnkzNDQ3MDIzMQ==",
            "name": "LoongBackend",
            "full_name": "everitosan/LoongBackend",
            "private": false,
            "owner": {
                "login": "everitosan",
                "id": 2440805,
                "node_id": "MDQ6VXNlcjI0NDA4MDU=",
                "avatar_url": "https://avatars.githubusercontent.com/u/2440805?v=4",
                "gravatar_id": "",
                "url": "https://api.github.com/users/everitosan",
                "html_url": "https://github.com/everitosan",
                "followers_url": "https://api.github.com/users/everitosan/followers",
                "following_url": "https://api.github.com/users/everitosan/following{/other_user}",
                "gists_url": "https://api.github.com/users/everitosan/gists{/gist_id}",
                "starred_url": "https://api.github.com/users/everitosan/starred{/owner}{/repo}",
                "subscriptions_url": "https://api.github.com/users/everitosan/subscriptions",
                "organizations_url": "https://api.github.com/users/everitosan/orgs",
                "repos_url": "https://api.github.com/users/everitosan/repos",
                "events_url": "https://api.github.com/users/everitosan/events{/privacy}",
                "received_events_url": "https://api.github.com/users/everitosan/received_events",
                "type": "User",
                "site_admin": false
            },
            "html_url": "https://github.com/everitosan/LoongBackend",
            "description": "Backend of the Loong Project at Digital Invaders",
            "fork": false,
            "url": "https://api.github.com/repos/everitosan/LoongBackend",
            "forks_url": "https://api.github.com/repos/everitosan/LoongBackend/forks",
            "keys_url": "https://api.github.com/repos/everitosan/LoongBackend/keys{/key_id}",
            "collaborators_url": "https://api.github.com/repos/everitosan/LoongBackend/collaborators{/collaborator}",
            "teams_url": "https://api.github.com/repos/everitosan/LoongBackend/teams",
            "hooks_url": "https://api.github.com/repos/everitosan/LoongBackend/hooks",
            "issue_events_url": "https://api.github.com/repos/everitosan/LoongBackend/issues/events{/number}",
            "events_url": "https://api.github.com/repos/everitosan/LoongBackend/events",
            "assignees_url": "https://api.github.com/repos/everitosan/LoongBackend/assignees{/user}",
            "branches_url": "https://api.github.com/repos/everitosan/LoongBackend/branches{/branch}",
            "tags_url": "https://api.github.com/repos/everitosan/LoongBackend/tags",
            "blobs_url": "https://api.github.com/repos/everitosan/LoongBackend/git/blobs{/sha}",
            "git_tags_url": "https://api.github.com/repos/everitosan/LoongBackend/git/tags{/sha}",
            "git_refs_url": "https://api.github.com/repos/everitosan/LoongBackend/git/refs{/sha}",
            "trees_url": "https://api.github.com/repos/everitosan/LoongBackend/git/trees{/sha}",
            "statuses_url": "https://api.github.com/repos/everitosan/LoongBackend/statuses/{sha}",
            "languages_url": "https://api.github.com/repos/everitosan/LoongBackend/languages",
            "stargazers_url": "https://api.github.com/repos/everitosan/LoongBackend/stargazers",
            "contributors_url": "https://api.github.com/repos/everitosan/LoongBackend/contributors",
            "subscribers_url": "https://api.github.com/repos/everitosan/LoongBackend/subscribers",
            "subscription_url": "https://api.github.com/repos/everitosan/LoongBackend/subscription",
            "commits_url": "https://api.github.com/repos/everitosan/LoongBackend/commits{/sha}",
            "git_commits_url": "https://api.github.com/repos/everitosan/LoongBackend/git/commits{/sha}",
            "comments_url": "https://api.github.com/repos/everitosan/LoongBackend/comments{/number}",
            "issue_comment_url": "https://api.github.com/repos/everitosan/LoongBackend/issues/comments{/number}",
            "contents_url": "https://api.github.com/repos/everitosan/LoongBackend/contents/{+path}",
            "compare_url": "https://api.github.com/repos/everitosan/LoongBackend/compare/{base}...{head}",
            "merges_url": "https://api.github.com/repos/everitosan/LoongBackend/merges",
            "archive_url": "https://api.github.com/repos/everitosan/LoongBackend/{archive_format}{/ref}",
            "downloads_url": "https://api.github.com/repos/everitosan/LoongBackend/downloads",
            "issues_url": "https://api.github.com/repos/everitosan/LoongBackend/issues{/number}",
            "pulls_url": "https://api.github.com/repos/everitosan/LoongBackend/pulls{/number}",
            "milestones_url": "https://api.github.com/repos/everitosan/LoongBackend/milestones{/number}",
            "notifications_url": "https://api.github.com/repos/everitosan/LoongBackend/notifications{?since,all,participating}",
            "labels_url": "https://api.github.com/repos/everitosan/LoongBackend/labels{/name}",
            "releases_url": "https://api.github.com/repos/everitosan/LoongBackend/releases{/id}",
            "deployments_url": "https://api.github.com/repos/everitosan/LoongBackend/deployments",
            "created_at": "2015-04-23T17:10:28Z",
            "updated_at": "2015-04-23T17:12:00Z",
            "pushed_at": "2015-04-23T17:11:59Z",
            "git_url": "git://github.com/everitosan/LoongBackend.git",
            "ssh_url": "git@github.com:everitosan/LoongBackend.git",
            "clone_url": "https://github.com/everitosan/LoongBackend.git",
            "svn_url": "https://github.com/everitosan/LoongBackend",
            "homepage": null,
            "size": 110,
            "stargazers_count": 0,
            "watchers_count": 0,
            "language": "Ruby",
            "has_issues": true,
            "has_projects": true,
            "has_downloads": true,
            "has_wiki": true,
            "has_pages": false,
            "forks_count": 1,
            "mirror_url": null,
            "archived": false,
            "disabled": false,
            "open_issues_count": 0,
            "license": null,
            "forks": 1,
            "open_issues": 0,
            "watchers": 0,
            "default_branch": "master",
            "score": 1.0
        },
        {
            "id": 221275169,
            "node_id": "MDEwOlJlcG9zaXRvcnkyMjEyNzUxNjk=",
            "name": "aliens-and-cats",
            "full_name": "WhereIsX/aliens-and-cats",
            "private": false,
            "owner": {
                "login": "WhereIsX",
                "id": 30638175,
                "node_id": "MDQ6VXNlcjMwNjM4MTc1",
                "avatar_url": "https://avatars.githubusercontent.com/u/30638175?v=4",
                "gravatar_id": "",
                "url": "https://api.github.com/users/WhereIsX",
                "html_url": "https://github.com/WhereIsX",
                "followers_url": "https://api.github.com/users/WhereIsX/followers",
                "following_url": "https://api.github.com/users/WhereIsX/following{/other_user}",
                "gists_url": "https://api.github.com/users/WhereIsX/gists{/gist_id}",
                "starred_url": "https://api.github.com/users/WhereIsX/starred{/owner}{/repo}",
                "subscriptions_url": "https://api.github.com/users/WhereIsX/subscriptions",
                "organizations_url": "https://api.github.com/users/WhereIsX/orgs",
                "repos_url": "https://api.github.com/users/WhereIsX/repos",
                "events_url": "https://api.github.com/users/WhereIsX/events{/privacy}",
                "received_events_url": "https://api.github.com/users/WhereIsX/received_events",
                "type": "User",
                "site_admin": false
            },
            "html_url": "https://github.com/WhereIsX/aliens-and-cats",
            "description": "space invaders clone for terminal, built using ruby standard library",
            "fork": false,
            "url": "https://api.github.com/repos/WhereIsX/aliens-and-cats",
            "forks_url": "https://api.github.com/repos/WhereIsX/aliens-and-cats/forks",
            "keys_url": "https://api.github.com/repos/WhereIsX/aliens-and-cats/keys{/key_id}",
            "collaborators_url": "https://api.github.com/repos/WhereIsX/aliens-and-cats/collaborators{/collaborator}",
            "teams_url": "https://api.github.com/repos/WhereIsX/aliens-and-cats/teams",
            "hooks_url": "https://api.github.com/repos/WhereIsX/aliens-and-cats/hooks",
            "issue_events_url": "https://api.github.com/repos/WhereIsX/aliens-and-cats/issues/events{/number}",
            "events_url": "https://api.github.com/repos/WhereIsX/aliens-and-cats/events",
            "assignees_url": "https://api.github.com/repos/WhereIsX/aliens-and-cats/assignees{/user}",
            "branches_url": "https://api.github.com/repos/WhereIsX/aliens-and-cats/branches{/branch}",
            "tags_url": "https://api.github.com/repos/WhereIsX/aliens-and-cats/tags",
            "blobs_url": "https://api.github.com/repos/WhereIsX/aliens-and-cats/git/blobs{/sha}",
            "git_tags_url": "https://api.github.com/repos/WhereIsX/aliens-and-cats/git/tags{/sha}",
            "git_refs_url": "https://api.github.com/repos/WhereIsX/aliens-and-cats/git/refs{/sha}",
            "trees_url": "https://api.github.com/repos/WhereIsX/aliens-and-cats/git/trees{/sha}",
            "statuses_url": "https://api.github.com/repos/WhereIsX/aliens-and-cats/statuses/{sha}",
            "languages_url": "https://api.github.com/repos/WhereIsX/aliens-and-cats/languages",
            "stargazers_url": "https://api.github.com/repos/WhereIsX/aliens-and-cats/stargazers",
            "contributors_url": "https://api.github.com/repos/WhereIsX/aliens-and-cats/contributors",
            "subscribers_url": "https://api.github.com/repos/WhereIsX/aliens-and-cats/subscribers",
            "subscription_url": "https://api.github.com/repos/WhereIsX/aliens-and-cats/subscription",
            "commits_url": "https://api.github.com/repos/WhereIsX/aliens-and-cats/commits{/sha}",
            "git_commits_url": "https://api.github.com/repos/WhereIsX/aliens-and-cats/git/commits{/sha}",
            "comments_url": "https://api.github.com/repos/WhereIsX/aliens-and-cats/comments{/number}",
            "issue_comment_url": "https://api.github.com/repos/WhereIsX/aliens-and-cats/issues/comments{/number}",
            "contents_url": "https://api.github.com/repos/WhereIsX/aliens-and-cats/contents/{+path}",
            "compare_url": "https://api.github.com/repos/WhereIsX/aliens-and-cats/compare/{base}...{head}",
            "merges_url": "https://api.github.com/repos/WhereIsX/aliens-and-cats/merges",
            "archive_url": "https://api.github.com/repos/WhereIsX/aliens-and-cats/{archive_format}{/ref}",
            "downloads_url": "https://api.github.com/repos/WhereIsX/aliens-and-cats/downloads",
            "issues_url": "https://api.github.com/repos/WhereIsX/aliens-and-cats/issues{/number}",
            "pulls_url": "https://api.github.com/repos/WhereIsX/aliens-and-cats/pulls{/number}",
            "milestones_url": "https://api.github.com/repos/WhereIsX/aliens-and-cats/milestones{/number}",
            "notifications_url": "https://api.github.com/repos/WhereIsX/aliens-and-cats/notifications{?since,all,participating}",
            "labels_url": "https://api.github.com/repos/WhereIsX/aliens-and-cats/labels{/name}",
            "releases_url": "https://api.github.com/repos/WhereIsX/aliens-and-cats/releases{/id}",
            "deployments_url": "https://api.github.com/repos/WhereIsX/aliens-and-cats/deployments",
            "created_at": "2019-11-12T17:34:50Z",
            "updated_at": "2019-11-12T17:41:55Z",
            "pushed_at": "2019-11-12T17:41:53Z",
            "git_url": "git://github.com/WhereIsX/aliens-and-cats.git",
            "ssh_url": "git@github.com:WhereIsX/aliens-and-cats.git",
            "clone_url": "https://github.com/WhereIsX/aliens-and-cats.git",
            "svn_url": "https://github.com/WhereIsX/aliens-and-cats",
            "homepage": null,
            "size": 3,
            "stargazers_count": 0,
            "watchers_count": 0,
            "language": "Ruby",
            "has_issues": true,
            "has_projects": true,
            "has_downloads": true,
            "has_wiki": true,
            "has_pages": false,
            "forks_count": 0,
            "mirror_url": null,
            "archived": false,
            "disabled": false,
            "open_issues_count": 0,
            "license": null,
            "forks": 0,
            "open_issues": 0,
            "watchers": 0,
            "default_branch": "master",
            "score": 1.0
        }
    ]
}
]]></system-out>
  </testcase>
</testsuite>